  Building Custom Rule C:/Dev/jaiscape/workbench/external/physx/physx-rs/physx-sys/PhysX/physx/samples/compiler/cmake/CMakeLists.txt
  SampleBridges.cpp
  SampleBridgesCCT.cpp
  Planet.cpp
  SampleCustomGravity.cpp
  SampleCustomGravity_CCT.cpp
  SampleCustomGravityBuilder.cpp
  SampleCustomGravityCameraController.cpp
  SampleCustomGravityFilterShader.cpp
  SampleHelloWorld.cpp
  ChunkLoader.cpp
  MeshBuilder.cpp
  SampleLargeWorld.cpp
  SampleLargeWorldCCT.cpp
  SampleNorthPole.cpp
  SampleNorthPoleBuilder.cpp
  SampleNorthPoleCameraController.cpp
  SampleNorthPoleCCT.cpp
  SampleNorthPoleDynamics.cpp
  SampleNorthPoleFilterShader.cpp
  Crab.cpp
  SampleSubmarine.cpp
  SampleVehicle.cpp
  SampleVehicleDebugRender.cpp
  SampleVehicleTerrain.cpp
  SampleVehicle_CameraController.cpp
  SampleVehicle_ControlInputs.cpp
  SampleVehicle_GameLogic.cpp
  SampleVehicle_SceneQuery.cpp
  SampleVehicle_VehicleController.cpp
  SampleVehicle_VehicleCooking.cpp
  SampleVehicle_VehicleManager.cpp
  SampleVehicle_WheelQueryResults.cpp
  KinematicPlatform.cpp
  SampleCCTActor.cpp
  SampleCCTCameraController.cpp
  SampleCCTJump.cpp
LINK : fatal error LNK1181: cannot open input file 'C:\Dev\jaiscape\workbench\external\physx\physx-rs\physx-sys\PhysX\physx\bin\win.x86_64.vc142.mt\release\SamplePlatform_static_64.lib'
