c:\dev\jaiscape\workbench\external\physx\physx-sys\physx\physx\compiler\vc22win64\sdk_snippets_bin\snippetvehicletank.dir\release\snippetvehicletirefriction.obj
c:\dev\jaiscape\workbench\external\physx\physx-sys\physx\physx\compiler\vc22win64\sdk_snippets_bin\snippetvehicletank.dir\release\snippetvehicletankrender.obj
c:\dev\jaiscape\workbench\external\physx\physx-sys\physx\physx\compiler\vc22win64\sdk_snippets_bin\snippetvehicletank.dir\release\snippetvehiclecreate.obj
c:\dev\jaiscape\workbench\external\physx\physx-sys\physx\physx\compiler\vc22win64\sdk_snippets_bin\snippetvehicletank.dir\release\snippetvehiclenodrivecreate.obj
c:\dev\jaiscape\workbench\external\physx\physx-sys\physx\physx\compiler\vc22win64\sdk_snippets_bin\snippetvehicletank.dir\release\snippetvehiclefiltershader.obj
c:\dev\jaiscape\workbench\external\physx\physx-sys\physx\physx\compiler\vc22win64\sdk_snippets_bin\snippetvehicletank.dir\release\snippetvehicletankcreate.obj
c:\dev\jaiscape\workbench\external\physx\physx-sys\physx\physx\compiler\vc22win64\sdk_snippets_bin\snippetvehicletank.dir\release\snippetvehicle4wcreate.obj
c:\dev\jaiscape\workbench\external\physx\physx-sys\physx\physx\compiler\vc22win64\sdk_snippets_bin\snippetvehicletank.dir\release\snippetvehicletank.obj
c:\dev\jaiscape\workbench\external\physx\physx-sys\physx\physx\compiler\vc22win64\sdk_snippets_bin\snippetvehicletank.dir\release\snippetvehiclescenequery.obj
c:\dev\jaiscape\workbench\external\physx\physx-sys\physx\physx\compiler\vc22win64\sdk_snippets_bin\snippetvehicletank.dir\release\classicmain.obj
c:\dev\jaiscape\workbench\external\physx\physx-sys\physx\physx\compiler\vc22win64\sdk_snippets_bin\snippetvehicletank.dir\release\vc143.pdb
c:\dev\jaiscape\workbench\external\physx\physx-sys\physx\physx\compiler\vc22win64\sdk_snippets_bin\cmakefiles\generate.stamp
c:\dev\jaiscape\workbench\external\physx\physx-sys\physx\physx\bin\win.x86_64.vc142.mt\release\snippetvehicletank_64.exe
c:\dev\jaiscape\workbench\external\physx\physx-sys\physx\physx\compiler\vc22win64\sdk_snippets_bin\snippetvehicletank.dir\release\snippetv.3727d262.tlog\cl.10936.write.1.tlog
c:\dev\jaiscape\workbench\external\physx\physx-sys\physx\physx\compiler\vc22win64\sdk_snippets_bin\snippetvehicletank.dir\release\snippetv.3727d262.tlog\cl.command.1.tlog
c:\dev\jaiscape\workbench\external\physx\physx-sys\physx\physx\compiler\vc22win64\sdk_snippets_bin\snippetvehicletank.dir\release\snippetv.3727d262.tlog\cl.read.1.tlog
c:\dev\jaiscape\workbench\external\physx\physx-sys\physx\physx\compiler\vc22win64\sdk_snippets_bin\snippetvehicletank.dir\release\snippetv.3727d262.tlog\custombuild.command.1.tlog
c:\dev\jaiscape\workbench\external\physx\physx-sys\physx\physx\compiler\vc22win64\sdk_snippets_bin\snippetvehicletank.dir\release\snippetv.3727d262.tlog\custombuild.read.1.tlog
c:\dev\jaiscape\workbench\external\physx\physx-sys\physx\physx\compiler\vc22win64\sdk_snippets_bin\snippetvehicletank.dir\release\snippetv.3727d262.tlog\custombuild.write.1.tlog
c:\dev\jaiscape\workbench\external\physx\physx-sys\physx\physx\compiler\vc22win64\sdk_snippets_bin\snippetvehicletank.dir\release\snippetv.3727d262.tlog\link.command.1.tlog
c:\dev\jaiscape\workbench\external\physx\physx-sys\physx\physx\compiler\vc22win64\sdk_snippets_bin\snippetvehicletank.dir\release\snippetv.3727d262.tlog\link.read.1.tlog
c:\dev\jaiscape\workbench\external\physx\physx-sys\physx\physx\compiler\vc22win64\sdk_snippets_bin\snippetvehicletank.dir\release\snippetv.3727d262.tlog\link.write.1.tlog
