  Building Custom Rule C:/Dev/jaiscape/workbench/external/physx/physx-rs/physx-sys/PhysX/physx/source/compiler/cmake/CMakeLists.txt
  PxAutoGeneratedMetaDataObjects.cpp
  PxMetaDataObjects.cpp
  NpActor.cpp
  NpAggregate.cpp
  NpArticulationReducedCoordinate.cpp
  NpArticulation.cpp
  NpArticulationJoint.cpp
  NpArticulationJointReducedCoordinate.cpp
  NpArticulationLink.cpp
  NpBatchQuery.cpp
  NpConstraint.cpp
  NpFactory.cpp
  NpMaterial.cpp
  NpMetaData.cpp
  NpPhysics.cpp
  NpPvdSceneQueryCollector.cpp
  NpReadCheck.cpp
  NpRigidDynamic.cpp
  NpRigidStatic.cpp
  NpScene.cpp
  NpSceneQueries.cpp
  NpSerializerAdapter.cpp
  NpShape.cpp
  NpShapeManager.cpp
  NpWriteCheck.cpp
  PvdMetaDataPvdBinding.cpp
  PvdPhysicsClient.cpp
  ScbActor.cpp
  ScbAggregate.cpp
  ScbBase.cpp
  ScbMetaData.cpp
  ScbScene.cpp
  ScbScenePvdClient.cpp
  ScbShape.cpp
  NpImmediateMode.cpp
  PhysXIndicatorWindows.cpp
  PxGpu.cpp
  PxPhysXGpuModuleLoader.cpp
  NpWindowsDelayLoadHook.cpp
     Creating library C:/Dev/jaiscape/workbench/external/physx/physx-rs/physx-sys/PhysX/physx/bin/win.x86_64.vc142.mt/debug/PhysX_64.lib and object C:/Dev/jaiscape/workbench/external/physx/physx-rs/physx-sys/PhysX/physx/bin/win.x86_64.vc142.mt/debug/PhysX_64.exp
  PhysX.vcxproj -> C:\Dev\jaiscape\workbench\external\physx\physx-rs\physx-sys\PhysX\physx\bin\win.x86_64.vc142.mt\debug\PhysX_64.dll
