  Building Custom Rule C:/Dev/jaiscape/workbench/external/physx/physx-rs/physx-sys/PhysX/physx/samples/compiler/cmake/CMakeLists.txt
  NULLRenderer.cpp
  NULLRendererDirectionalLight.cpp
  NULLRendererIndexBuffer.cpp
  NULLRendererInstanceBuffer.cpp
  NULLRendererMaterial.cpp
  NULLRendererMesh.cpp
  NULLRendererSpotLight.cpp
  NULLRendererTexture2D.cpp
  NULLRendererVertexBuffer.cpp
  D3D9Renderer.cpp
  D3D9RendererDirectionalLight.cpp
  D3D9RendererIndexBuffer.cpp
  D3D9RendererInstanceBuffer.cpp
  D3D9RendererMaterial.cpp
  D3D9RendererMesh.cpp
  D3D9RendererSpotLight.cpp
  D3D9RendererTarget.cpp
  D3D9RendererTexture2D.cpp
C:\Dev\jaiscape\workbench\external\physx\physx-rs\physx-sys\PhysX\physx\samples\sampleframework\renderer\src\d3d9\D3D9Renderer.h(42,10): fatal  error C1083: Cannot open include file: 'd3dx9.h': No such file or directory (compiling source file C:\Dev\jaiscape\workbench\external\physx\physx-rs\physx-sys\PhysX\physx\samples\sampleframework\renderer\src\d3d9\D3D9RendererSpotLight.cpp)
  D3D9RendererVertexBuffer.cpp
  D3D9WPFRenderer.cpp
C:\Dev\jaiscape\workbench\external\physx\physx-rs\physx-sys\PhysX\physx\samples\sampleframework\renderer\src\d3d9\D3D9Renderer.h(42,10): fatal  error C1083: Cannot open include file: 'd3dx9.h': No such file or directory (compiling source file C:\Dev\jaiscape\workbench\external\physx\physx-rs\physx-sys\PhysX\physx\samples\sampleframework\renderer\src\d3d9\D3D9Renderer.cpp)
  D3D11Renderer.cpp
  D3D11RendererDirectionalLight.cpp
  D3D11RendererIndexBuffer.cpp
C:\Dev\jaiscape\workbench\external\physx\physx-rs\physx-sys\PhysX\physx\samples\sampleframework\renderer\src\d3d9\D3D9Renderer.h(42,10): fatal  error C1083: Cannot open include file: 'd3dx9.h': No such file or directory (compiling source file C:\Dev\jaiscape\workbench\external\physx\physx-rs\physx-sys\PhysX\physx\samples\sampleframework\renderer\src\d3d9\D3D9RendererIndexBuffer.cpp)
  D3D11RendererInstanceBuffer.cpp
  D3D11RendererMaterial.cpp
C:\Dev\jaiscape\workbench\external\physx\physx-rs\physx-sys\PhysX\physx\samples\sampleframework\renderer\src\d3d9\D3D9Renderer.h(42,10): fatal  error C1083: Cannot open include file: 'd3dx9.h': No such file or directory (compiling source file C:\Dev\jaiscape\workbench\external\physx\physx-rs\physx-sys\PhysX\physx\samples\sampleframework\renderer\src\d3d9\D3D9RendererMaterial.cpp)
C:\Dev\jaiscape\workbench\external\physx\physx-rs\physx-sys\PhysX\physx\samples\sampleframework\renderer\src\d3d9\D3D9Renderer.h(42,10): fatal  error C1083: Cannot open include file: 'd3dx9.h': No such file or directory (compiling source file C:\Dev\jaiscape\workbench\external\physx\physx-rs\physx-sys\PhysX\physx\samples\sampleframework\renderer\src\d3d9\D3D9RendererDirectionalLight.cpp)
  D3D11RendererMesh.cpp
  D3D11RendererSpotLight.cpp
  D3D11RendererTarget.cpp
C:\Dev\jaiscape\workbench\external\physx\physx-rs\physx-sys\PhysX\physx\samples\sampleframework\renderer\src\d3d9\D3D9Renderer.h(42,10): fatal  error C1083: Cannot open include file: 'd3dx9.h': No such file or directory (compiling source file C:\Dev\jaiscape\workbench\external\physx\physx-rs\physx-sys\PhysX\physx\samples\sampleframework\renderer\src\d3d9\D3D9RendererInstanceBuffer.cpp)
  D3D11RendererTexture2D.cpp
  D3D11RendererTexture3D.cpp
  D3D11RendererUtils.cpp
C:\Dev\jaiscape\workbench\external\physx\physx-rs\physx-sys\PhysX\physx\samples\sampleframework\renderer\src\d3d9\D3D9Renderer.h(42,10): fatal  error C1083: Cannot open include file: 'd3dx9.h': No such file or directory (compiling source file C:\Dev\jaiscape\workbench\external\physx\physx-rs\physx-sys\PhysX\physx\samples\sampleframework\renderer\src\d3d9\D3D9RendererTexture2D.cpp)
C:\Dev\jaiscape\workbench\external\physx\physx-rs\physx-sys\PhysX\physx\samples\sampleframework\renderer\src\d3d9\D3D9Renderer.h(42,10): fatal  error C1083: Cannot open include file: 'd3dx9.h': No such file or directory (compiling source file C:\Dev\jaiscape\workbench\external\physx\physx-rs\physx-sys\PhysX\physx\samples\sampleframework\renderer\src\d3d9\D3D9RendererMesh.cpp)
  D3D11RendererVariableManager.cpp
  D3D11RendererVertexBuffer.cpp
C:\Dev\jaiscape\workbench\external\physx\physx-rs\physx-sys\PhysX\physx\samples\sampleframework\renderer\src\d3d9\D3D9Renderer.h(42,10): fatal  error C1083: Cannot open include file: 'd3dx9.h': No such file or directory (compiling source file C:\Dev\jaiscape\workbench\external\physx\physx-rs\physx-sys\PhysX\physx\samples\sampleframework\renderer\src\d3d9\D3D9RendererTarget.cpp)
  OGLRenderer.cpp
C:\Dev\jaiscape\workbench\external\physx\physx-rs\physx-sys\PhysX\physx\samples\sampleframework\renderer\src\d3d9\D3D9Renderer.h(42,10): fatal  error C1083: Cannot open include file: 'd3dx9.h': No such file or directory (compiling source file C:\Dev\jaiscape\workbench\external\physx\physx-rs\physx-sys\PhysX\physx\samples\sampleframework\renderer\src\d3d9\D3D9WPFRenderer.cpp)
  OGLRendererDirectionalLight.cpp
C:\Dev\jaiscape\workbench\external\physx\physx-rs\physx-sys\PhysX\physx\samples\sampleframework\renderer\src\d3d9\D3D9Renderer.h(42,10): fatal  error C1083: Cannot open include file: 'd3dx9.h': No such file or directory (compiling source file C:\Dev\jaiscape\workbench\external\physx\physx-rs\physx-sys\PhysX\physx\samples\sampleframework\renderer\src\d3d9\D3D9RendererVertexBuffer.cpp)
  OGLRendererIndexBuffer.cpp
C:\Dev\jaiscape\workbench\external\physx\physx-rs\physx-sys\PhysX\physx\samples\sampleframework\renderer\src\d3d11\D3D11RendererUtils.h(38,10): fatal  error C1083: Cannot open include file: 'd3dx11tex.h': No such file or directory (compiling source file C:\Dev\jaiscape\workbench\external\physx\physx-rs\physx-sys\PhysX\physx\samples\sampleframework\renderer\src\d3d11\D3D11RendererMaterial.cpp)
  OGLRendererInstanceBuffer.cpp
  OGLRendererMaterial.cpp
  OGLRendererMesh.cpp
  OGLRendererSpotLight.cpp
C:\Dev\jaiscape\workbench\external\physx\physx-rs\physx-sys\PhysX\physx\samples\sampleframework\renderer\src\d3d11\D3D11RendererUtils.h(38,10): fatal  error C1083: Cannot open include file: 'd3dx11tex.h': No such file or directory (compiling source file C:\Dev\jaiscape\workbench\external\physx\physx-rs\physx-sys\PhysX\physx\samples\sampleframework\renderer\src\d3d11\D3D11RendererMesh.cpp)
  OGLRendererTexture2D.cpp
  OGLRendererVertexBuffer.cpp
  Renderer.cpp
C:\Dev\jaiscape\workbench\external\physx\physx-rs\physx-sys\PhysX\physx\samples\sampleframework\renderer\src\d3d11\D3D11RendererUtils.h(38,10): fatal  error C1083: Cannot open include file: 'd3dx11tex.h': No such file or directory (compiling source file C:\Dev\jaiscape\workbench\external\physx\physx-rs\physx-sys\PhysX\physx\samples\sampleframework\renderer\src\d3d11\D3D11RendererUtils.cpp)
  RendererBoxShape.cpp
  RendererCapsuleShape.cpp
  RendererColor.cpp
C:\Dev\jaiscape\workbench\external\physx\physx-rs\physx-sys\PhysX\physx\samples\sampleframework\renderer\src\d3d11\D3D11RendererResourceManager.h(53,11): error C2220: the following warning is treated as an error (compiling source file C:\Dev\jaiscape\workbench\external\physx\physx-rs\physx-sys\PhysX\physx\samples\sampleframework\renderer\src\d3d11\D3D11Renderer.cpp)
C:\Dev\jaiscape\workbench\external\physx\physx-rs\physx-sys\PhysX\physx\samples\sampleframework\renderer\src\d3d11\D3D11RendererResourceManager.h(53,11): warning C5205: delete of an abstract class 'SampleRenderer::Any::Proxy' that has a non-virtual destructor results in undefined behavior (compiling source file C:\Dev\jaiscape\workbench\external\physx\physx-rs\physx-sys\PhysX\physx\samples\sampleframework\renderer\src\d3d11\D3D11Renderer.cpp)
C:\Dev\jaiscape\workbench\external\physx\physx-rs\physx-sys\PhysX\physx\samples\sampleframework\renderer\src\d3d11\D3D11RendererResourceManager.h(141,8): message : see declaration of 'SampleRenderer::Any::Proxy' (compiling source file C:\Dev\jaiscape\workbench\external\physx\physx-rs\physx-sys\PhysX\physx\samples\sampleframework\renderer\src\d3d11\D3D11Renderer.cpp)
C:\Dev\jaiscape\workbench\external\physx\physx-rs\physx-sys\PhysX\physx\samples\sampleframework\renderer\src\d3d11\D3D11RendererResourceManager.h(53,11): message : to simplify migration, consider the temporary use of /Wv:18 flag with the version of the compiler with which you used to build without warnings (compiling source file C:\Dev\jaiscape\workbench\external\physx\physx-rs\physx-sys\PhysX\physx\samples\sampleframework\renderer\src\d3d11\D3D11Renderer.cpp)
  RendererDesc.cpp
C:\Dev\jaiscape\workbench\external\physx\physx-rs\physx-sys\PhysX\physx\samples\sampleframework\renderer\src\d3d11\D3D11RendererUtils.h(38,10): fatal  error C1083: Cannot open include file: 'd3dx11tex.h': No such file or directory (compiling source file C:\Dev\jaiscape\workbench\external\physx\physx-rs\physx-sys\PhysX\physx\samples\sampleframework\renderer\src\d3d11\D3D11Renderer.cpp)
  RendererDirectionalLight.cpp
  RendererDirectionalLightDesc.cpp
  RendererGridShape.cpp
C:\Dev\jaiscape\workbench\external\physx\physx-rs\physx-sys\PhysX\physx\samples\sampleframework\renderer\src\d3d11\D3D11RendererUtils.h(38,10): fatal  error C1083: Cannot open include file: 'd3dx11tex.h': No such file or directory (compiling source file C:\Dev\jaiscape\workbench\external\physx\physx-rs\physx-sys\PhysX\physx\samples\sampleframework\renderer\src\d3d11\D3D11RendererVariableManager.cpp)
  RendererIndexBuffer.cpp
  RendererIndexBufferDesc.cpp
  RendererInstanceBuffer.cpp
  RendererInstanceBufferDesc.cpp
  RendererLight.cpp
  RendererLightDesc.cpp
  RendererMaterial.cpp
  RendererMaterialDesc.cpp
  RendererMaterialInstance.cpp
  RendererMesh.cpp
  RendererMeshContext.cpp
  RendererMeshDesc.cpp
  RendererMeshShape.cpp
C:\Dev\jaiscape\workbench\external\physx\physx-rs\physx-sys\PhysX\physx\samples\sampleframework\renderer\src\d3d9/D3D9Renderer.h(42,10): fatal  error C1083: Cannot open include file: 'd3dx9.h': No such file or directory (compiling source file C:\Dev\jaiscape\workbench\external\physx\physx-rs\physx-sys\PhysX\physx\samples\sampleframework\renderer\src\Renderer.cpp)
  RendererProjection.cpp
  RendererShape.cpp
  RendererSpotLight.cpp
  RendererSpotLightDesc.cpp
  RendererTarget.cpp
  RendererTargetDesc.cpp
  RendererTerrainShape.cpp
  RendererTexture.cpp
  RendererTexture2D.cpp
  RendererTexture2DDesc.cpp
  RendererTextureDesc.cpp
  RendererVertexBuffer.cpp
  RendererVertexBufferDesc.cpp
  RendererWindow.cpp
