c:\dev\jaiscape\workbench\external\physx\physx-sys\physx\physx\compiler\vc22win64\sdk_samples_bin\samplerenderer.dir\release\nullrendererindexbuffer.obj
c:\dev\jaiscape\workbench\external\physx\physx-sys\physx\physx\compiler\vc22win64\sdk_samples_bin\samplerenderer.dir\release\oglrenderer.obj
c:\dev\jaiscape\workbench\external\physx\physx-sys\physx\physx\compiler\vc22win64\sdk_samples_bin\samplerenderer.dir\release\renderertarget.obj
c:\dev\jaiscape\workbench\external\physx\physx-sys\physx\physx\compiler\vc22win64\sdk_samples_bin\samplerenderer.dir\release\renderertargetdesc.obj
c:\dev\jaiscape\workbench\external\physx\physx-sys\physx\physx\compiler\vc22win64\sdk_samples_bin\samplerenderer.dir\release\d3d11renderertexture2d.obj
c:\dev\jaiscape\workbench\external\physx\physx-sys\physx\physx\compiler\vc22win64\sdk_samples_bin\samplerenderer.dir\release\rendererdirectionallightdesc.obj
c:\dev\jaiscape\workbench\external\physx\physx-sys\physx\physx\compiler\vc22win64\sdk_samples_bin\samplerenderer.dir\release\renderermeshdesc.obj
c:\dev\jaiscape\workbench\external\physx\physx-sys\physx\physx\compiler\vc22win64\sdk_samples_bin\samplerenderer.dir\release\renderertexture2ddesc.obj
c:\dev\jaiscape\workbench\external\physx\physx-sys\physx\physx\compiler\vc22win64\sdk_samples_bin\samplerenderer.dir\release\nullrenderertexture2d.obj
c:\dev\jaiscape\workbench\external\physx\physx-sys\physx\physx\compiler\vc22win64\sdk_samples_bin\samplerenderer.dir\release\d3d11rendererdirectionallight.obj
c:\dev\jaiscape\workbench\external\physx\physx-sys\physx\physx\compiler\vc22win64\sdk_samples_bin\samplerenderer.dir\release\oglrenderermesh.obj
c:\dev\jaiscape\workbench\external\physx\physx-sys\physx\physx\compiler\vc22win64\sdk_samples_bin\samplerenderer.dir\release\rendererindexbufferdesc.obj
c:\dev\jaiscape\workbench\external\physx\physx-sys\physx\physx\compiler\vc22win64\sdk_samples_bin\samplerenderer.dir\release\renderermaterialinstance.obj
c:\dev\jaiscape\workbench\external\physx\physx-sys\physx\physx\compiler\vc22win64\sdk_samples_bin\samplerenderer.dir\release\renderervertexbufferdesc.obj
c:\dev\jaiscape\workbench\external\physx\physx-sys\physx\physx\compiler\vc22win64\sdk_samples_bin\samplerenderer.dir\release\nullrenderermaterial.obj
c:\dev\jaiscape\workbench\external\physx\physx-sys\physx\physx\compiler\vc22win64\sdk_samples_bin\samplerenderer.dir\release\oglrenderermaterial.obj
c:\dev\jaiscape\workbench\external\physx\physx-sys\physx\physx\compiler\vc22win64\sdk_samples_bin\samplerenderer.dir\release\rendererindexbuffer.obj
c:\dev\jaiscape\workbench\external\physx\physx-sys\physx\physx\compiler\vc22win64\sdk_samples_bin\samplerenderer.dir\release\renderermaterialdesc.obj
c:\dev\jaiscape\workbench\external\physx\physx-sys\physx\physx\compiler\vc22win64\sdk_samples_bin\samplerenderer.dir\release\renderertexturedesc.obj
c:\dev\jaiscape\workbench\external\physx\physx-sys\physx\physx\compiler\vc22win64\sdk_samples_bin\samplerenderer.dir\release\d3d11renderertarget.obj
c:\dev\jaiscape\workbench\external\physx\physx-sys\physx\physx\compiler\vc22win64\sdk_samples_bin\samplerenderer.dir\release\rendererinstancebufferdesc.obj
c:\dev\jaiscape\workbench\external\physx\physx-sys\physx\physx\compiler\vc22win64\sdk_samples_bin\samplerenderer.dir\release\rendererspotlight.obj
c:\dev\jaiscape\workbench\external\physx\physx-sys\physx\physx\compiler\vc22win64\sdk_samples_bin\samplerenderer.dir\release\d3d11renderertexture3d.obj
c:\dev\jaiscape\workbench\external\physx\physx-sys\physx\physx\compiler\vc22win64\sdk_samples_bin\samplerenderer.dir\release\renderergridshape.obj
c:\dev\jaiscape\workbench\external\physx\physx-sys\physx\physx\compiler\vc22win64\sdk_samples_bin\samplerenderer.dir\release\d3d11rendererspotlight.obj
c:\dev\jaiscape\workbench\external\physx\physx-sys\physx\physx\compiler\vc22win64\sdk_samples_bin\samplerenderer.dir\release\rendererdesc.obj
c:\dev\jaiscape\workbench\external\physx\physx-sys\physx\physx\compiler\vc22win64\sdk_samples_bin\samplerenderer.dir\release\rendererspotlightdesc.obj
c:\dev\jaiscape\workbench\external\physx\physx-sys\physx\physx\compiler\vc22win64\sdk_samples_bin\samplerenderer.dir\release\nullrendererdirectionallight.obj
c:\dev\jaiscape\workbench\external\physx\physx-sys\physx\physx\compiler\vc22win64\sdk_samples_bin\samplerenderer.dir\release\d3d11renderervertexbuffer.obj
c:\dev\jaiscape\workbench\external\physx\physx-sys\physx\physx\compiler\vc22win64\sdk_samples_bin\samplerenderer.dir\release\renderermaterial.obj
c:\dev\jaiscape\workbench\external\physx\physx-sys\physx\physx\compiler\vc22win64\sdk_samples_bin\samplerenderer.dir\release\renderercapsuleshape.obj
c:\dev\jaiscape\workbench\external\physx\physx-sys\physx\physx\compiler\vc22win64\sdk_samples_bin\samplerenderer.dir\release\renderertexture2d.obj
c:\dev\jaiscape\workbench\external\physx\physx-sys\physx\physx\compiler\vc22win64\sdk_samples_bin\samplerenderer.dir\release\nullrenderermesh.obj
c:\dev\jaiscape\workbench\external\physx\physx-sys\physx\physx\compiler\vc22win64\sdk_samples_bin\samplerenderer.dir\release\oglrenderervertexbuffer.obj
c:\dev\jaiscape\workbench\external\physx\physx-sys\physx\physx\compiler\vc22win64\sdk_samples_bin\samplerenderer.dir\release\rendererprojection.obj
c:\dev\jaiscape\workbench\external\physx\physx-sys\physx\physx\compiler\vc22win64\sdk_samples_bin\samplerenderer.dir\release\rendererdirectionallight.obj
c:\dev\jaiscape\workbench\external\physx\physx-sys\physx\physx\compiler\vc22win64\sdk_samples_bin\samplerenderer.dir\release\renderershape.obj
c:\dev\jaiscape\workbench\external\physx\physx-sys\physx\physx\compiler\vc22win64\sdk_samples_bin\samplerenderer.dir\release\rendererwindow.obj
c:\dev\jaiscape\workbench\external\physx\physx-sys\physx\physx\compiler\vc22win64\sdk_samples_bin\samplerenderer.dir\release\rendererinstancebuffer.obj
c:\dev\jaiscape\workbench\external\physx\physx-sys\physx\physx\compiler\vc22win64\sdk_samples_bin\samplerenderer.dir\release\renderermeshcontext.obj
c:\dev\jaiscape\workbench\external\physx\physx-sys\physx\physx\compiler\vc22win64\sdk_samples_bin\samplerenderer.dir\release\renderertexture.obj
c:\dev\jaiscape\workbench\external\physx\physx-sys\physx\physx\compiler\vc22win64\sdk_samples_bin\samplerenderer.dir\release\nullrenderervertexbuffer.obj
c:\dev\jaiscape\workbench\external\physx\physx-sys\physx\physx\compiler\vc22win64\sdk_samples_bin\samplerenderer.dir\release\d3d11rendererinstancebuffer.obj
c:\dev\jaiscape\workbench\external\physx\physx-sys\physx\physx\compiler\vc22win64\sdk_samples_bin\samplerenderer.dir\release\oglrendererspotlight.obj
c:\dev\jaiscape\workbench\external\physx\physx-sys\physx\physx\compiler\vc22win64\sdk_samples_bin\samplerenderer.dir\release\rendererlight.obj
c:\dev\jaiscape\workbench\external\physx\physx-sys\physx\physx\compiler\vc22win64\sdk_samples_bin\samplerenderer.dir\release\renderervertexbuffer.obj
c:\dev\jaiscape\workbench\external\physx\physx-sys\physx\physx\compiler\vc22win64\sdk_samples_bin\samplerenderer.dir\release\nullrenderer.obj
c:\dev\jaiscape\workbench\external\physx\physx-sys\physx\physx\compiler\vc22win64\sdk_samples_bin\samplerenderer.dir\release\oglrendererdirectionallight.obj
c:\dev\jaiscape\workbench\external\physx\physx-sys\physx\physx\compiler\vc22win64\sdk_samples_bin\samplerenderer.dir\release\oglrenderertexture2d.obj
c:\dev\jaiscape\workbench\external\physx\physx-sys\physx\physx\compiler\vc22win64\sdk_samples_bin\samplerenderer.dir\release\rendererlightdesc.obj
c:\dev\jaiscape\workbench\external\physx\physx-sys\physx\physx\compiler\vc22win64\sdk_samples_bin\samplerenderer.dir\release\rendererterrainshape.obj
c:\dev\jaiscape\workbench\external\physx\physx-sys\physx\physx\compiler\vc22win64\sdk_samples_bin\samplerenderer.dir\release\nullrendererspotlight.obj
c:\dev\jaiscape\workbench\external\physx\physx-sys\physx\physx\compiler\vc22win64\sdk_samples_bin\samplerenderer.dir\release\oglrendererindexbuffer.obj
c:\dev\jaiscape\workbench\external\physx\physx-sys\physx\physx\compiler\vc22win64\sdk_samples_bin\samplerenderer.dir\release\rendererboxshape.obj
c:\dev\jaiscape\workbench\external\physx\physx-sys\physx\physx\compiler\vc22win64\sdk_samples_bin\samplerenderer.dir\release\renderermeshshape.obj
c:\dev\jaiscape\workbench\external\physx\physx-sys\physx\physx\compiler\vc22win64\sdk_samples_bin\samplerenderer.dir\release\nullrendererinstancebuffer.obj
c:\dev\jaiscape\workbench\external\physx\physx-sys\physx\physx\compiler\vc22win64\sdk_samples_bin\samplerenderer.dir\release\d3d11rendererindexbuffer.obj
c:\dev\jaiscape\workbench\external\physx\physx-sys\physx\physx\compiler\vc22win64\sdk_samples_bin\samplerenderer.dir\release\oglrendererinstancebuffer.obj
c:\dev\jaiscape\workbench\external\physx\physx-sys\physx\physx\compiler\vc22win64\sdk_samples_bin\samplerenderer.dir\release\renderercolor.obj
c:\dev\jaiscape\workbench\external\physx\physx-sys\physx\physx\compiler\vc22win64\sdk_samples_bin\samplerenderer.dir\release\renderermesh.obj
c:\dev\jaiscape\workbench\external\physx\physx-sys\physx\physx\compiler\vc22win64\sdk_samples_bin\cmakefiles\generate.stamp
c:\dev\jaiscape\workbench\external\physx\physx-sys\physx\physx\compiler\vc22win64\sdk_samples_bin\samplerenderer.dir\release\samplerenderer.tlog\cl.10344.write.1.tlog
c:\dev\jaiscape\workbench\external\physx\physx-sys\physx\physx\compiler\vc22win64\sdk_samples_bin\samplerenderer.dir\release\samplerenderer.tlog\cl.command.1.tlog
c:\dev\jaiscape\workbench\external\physx\physx-sys\physx\physx\compiler\vc22win64\sdk_samples_bin\samplerenderer.dir\release\samplerenderer.tlog\cl.read.1.tlog
c:\dev\jaiscape\workbench\external\physx\physx-sys\physx\physx\compiler\vc22win64\sdk_samples_bin\samplerenderer.dir\release\samplerenderer.tlog\custombuild.command.1.tlog
c:\dev\jaiscape\workbench\external\physx\physx-sys\physx\physx\compiler\vc22win64\sdk_samples_bin\samplerenderer.dir\release\samplerenderer.tlog\custombuild.read.1.tlog
c:\dev\jaiscape\workbench\external\physx\physx-sys\physx\physx\compiler\vc22win64\sdk_samples_bin\samplerenderer.dir\release\samplerenderer.tlog\custombuild.write.1.tlog
