c:\dev\jaiscape\workbench\external\physx\physx-sys\physx\physx\compiler\vc22win64\sdk_snippets_bin\snippetvehiclescale.dir\release\snippetvehicletirefriction.obj
c:\dev\jaiscape\workbench\external\physx\physx-sys\physx\physx\compiler\vc22win64\sdk_snippets_bin\snippetvehiclescale.dir\release\snippetvehiclescalerender.obj
c:\dev\jaiscape\workbench\external\physx\physx-sys\physx\physx\compiler\vc22win64\sdk_snippets_bin\snippetvehiclescale.dir\release\snippetvehicle4wcreate.obj
c:\dev\jaiscape\workbench\external\physx\physx-sys\physx\physx\compiler\vc22win64\sdk_snippets_bin\snippetvehiclescale.dir\release\snippetvehiclenodrivecreate.obj
c:\dev\jaiscape\workbench\external\physx\physx-sys\physx\physx\compiler\vc22win64\sdk_snippets_bin\snippetvehiclescale.dir\release\snippetvehicletankcreate.obj
c:\dev\jaiscape\workbench\external\physx\physx-sys\physx\physx\compiler\vc22win64\sdk_snippets_bin\snippetvehiclescale.dir\release\snippetvehiclescenequery.obj
c:\dev\jaiscape\workbench\external\physx\physx-sys\physx\physx\compiler\vc22win64\sdk_snippets_bin\snippetvehiclescale.dir\release\classicmain.obj
c:\dev\jaiscape\workbench\external\physx\physx-sys\physx\physx\compiler\vc22win64\sdk_snippets_bin\snippetvehiclescale.dir\release\snippetvehiclefiltershader.obj
c:\dev\jaiscape\workbench\external\physx\physx-sys\physx\physx\compiler\vc22win64\sdk_snippets_bin\snippetvehiclescale.dir\release\snippetvehiclecreate.obj
c:\dev\jaiscape\workbench\external\physx\physx-sys\physx\physx\compiler\vc22win64\sdk_snippets_bin\snippetvehiclescale.dir\release\snippetvehiclescale.obj
c:\dev\jaiscape\workbench\external\physx\physx-sys\physx\physx\compiler\vc22win64\sdk_snippets_bin\snippetvehiclescale.dir\release\vc143.pdb
c:\dev\jaiscape\workbench\external\physx\physx-sys\physx\physx\compiler\vc22win64\sdk_snippets_bin\cmakefiles\generate.stamp
c:\dev\jaiscape\workbench\external\physx\physx-sys\physx\physx\bin\win.x86_64.vc142.mt\release\snippetvehiclescale_64.exe
c:\dev\jaiscape\workbench\external\physx\physx-sys\physx\physx\compiler\vc22win64\sdk_snippets_bin\snippetvehiclescale.dir\release\snippetv.b7af408b.tlog\cl.14400.write.1.tlog
c:\dev\jaiscape\workbench\external\physx\physx-sys\physx\physx\compiler\vc22win64\sdk_snippets_bin\snippetvehiclescale.dir\release\snippetv.b7af408b.tlog\cl.command.1.tlog
c:\dev\jaiscape\workbench\external\physx\physx-sys\physx\physx\compiler\vc22win64\sdk_snippets_bin\snippetvehiclescale.dir\release\snippetv.b7af408b.tlog\cl.read.1.tlog
c:\dev\jaiscape\workbench\external\physx\physx-sys\physx\physx\compiler\vc22win64\sdk_snippets_bin\snippetvehiclescale.dir\release\snippetv.b7af408b.tlog\custombuild.command.1.tlog
c:\dev\jaiscape\workbench\external\physx\physx-sys\physx\physx\compiler\vc22win64\sdk_snippets_bin\snippetvehiclescale.dir\release\snippetv.b7af408b.tlog\custombuild.read.1.tlog
c:\dev\jaiscape\workbench\external\physx\physx-sys\physx\physx\compiler\vc22win64\sdk_snippets_bin\snippetvehiclescale.dir\release\snippetv.b7af408b.tlog\custombuild.write.1.tlog
c:\dev\jaiscape\workbench\external\physx\physx-sys\physx\physx\compiler\vc22win64\sdk_snippets_bin\snippetvehiclescale.dir\release\snippetv.b7af408b.tlog\link.command.1.tlog
c:\dev\jaiscape\workbench\external\physx\physx-sys\physx\physx\compiler\vc22win64\sdk_snippets_bin\snippetvehiclescale.dir\release\snippetv.b7af408b.tlog\link.read.1.tlog
c:\dev\jaiscape\workbench\external\physx\physx-sys\physx\physx\compiler\vc22win64\sdk_snippets_bin\snippetvehiclescale.dir\release\snippetv.b7af408b.tlog\link.write.1.tlog
