c:\dev\jaiscape\workbench\external\physx\physx-sys\physx\physx\compiler\vc22win64\sdk_source_bin\lowleveldynamics.dir\release\dyarticulation.obj
c:\dev\jaiscape\workbench\external\physx\physx-sys\physx\physx\compiler\vc22win64\sdk_source_bin\lowleveldynamics.dir\release\dyfeatherstoneforwarddynamic.obj
c:\dev\jaiscape\workbench\external\physx\physx-sys\physx\physx\compiler\vc22win64\sdk_source_bin\lowleveldynamics.dir\release\dysolverconstraintsblock.obj
c:\dev\jaiscape\workbench\external\physx\physx-sys\physx\physx\compiler\vc22win64\sdk_source_bin\lowleveldynamics.dir\release\dyconstraintsetup.obj
c:\dev\jaiscape\workbench\external\physx\physx-sys\physx\physx\compiler\vc22win64\sdk_source_bin\lowleveldynamics.dir\release\dyrigidbodytosolverbody.obj
c:\dev\jaiscape\workbench\external\physx\physx-sys\physx\physx\compiler\vc22win64\sdk_source_bin\lowleveldynamics.dir\release\dyarticulationcontactprep.obj
c:\dev\jaiscape\workbench\external\physx\physx-sys\physx\physx\compiler\vc22win64\sdk_source_bin\lowleveldynamics.dir\release\dysolvercontrolpf.obj
c:\dev\jaiscape\workbench\external\physx\physx-sys\physx\physx\compiler\vc22win64\sdk_source_bin\lowleveldynamics.dir\release\dycontactprep4pf.obj
c:\dev\jaiscape\workbench\external\physx\physx-sys\physx\physx\compiler\vc22win64\sdk_source_bin\lowleveldynamics.dir\release\dyarticulationscalar.obj
c:\dev\jaiscape\workbench\external\physx\physx-sys\physx\physx\compiler\vc22win64\sdk_source_bin\lowleveldynamics.dir\release\dysolverpfconstraintsblock.obj
c:\dev\jaiscape\workbench\external\physx\physx-sys\physx\physx\compiler\vc22win64\sdk_source_bin\lowleveldynamics.dir\release\dyarticulationsimd.obj
c:\dev\jaiscape\workbench\external\physx\physx-sys\physx\physx\compiler\vc22win64\sdk_source_bin\lowleveldynamics.dir\release\dydynamics.obj
c:\dev\jaiscape\workbench\external\physx\physx-sys\physx\physx\compiler\vc22win64\sdk_source_bin\lowleveldynamics.dir\release\dytgscontactprep.obj
c:\dev\jaiscape\workbench\external\physx\physx-sys\physx\physx\compiler\vc22win64\sdk_source_bin\lowleveldynamics.dir\release\dyfeatherstoneinversedynamic.obj
c:\dev\jaiscape\workbench\external\physx\physx-sys\physx\physx\compiler\vc22win64\sdk_source_bin\lowleveldynamics.dir\release\dysolverconstraints.obj
c:\dev\jaiscape\workbench\external\physx\physx-sys\physx\physx\compiler\vc22win64\sdk_source_bin\lowleveldynamics.dir\release\dyconstraintpartition.obj
c:\dev\jaiscape\workbench\external\physx\physx-sys\physx\physx\compiler\vc22win64\sdk_source_bin\lowleveldynamics.dir\release\dycontactprep4.obj
c:\dev\jaiscape\workbench\external\physx\physx-sys\physx\physx\compiler\vc22win64\sdk_source_bin\lowleveldynamics.dir\release\dycontactpreppf.obj
c:\dev\jaiscape\workbench\external\physx\physx-sys\physx\physx\compiler\vc22win64\sdk_source_bin\lowleveldynamics.dir\release\dytgsdynamics.obj
c:\dev\jaiscape\workbench\external\physx\physx-sys\physx\physx\compiler\vc22win64\sdk_source_bin\lowleveldynamics.dir\release\dyconstraintsetupblock.obj
c:\dev\jaiscape\workbench\external\physx\physx-sys\physx\physx\compiler\vc22win64\sdk_source_bin\lowleveldynamics.dir\release\dythreadcontext.obj
c:\dev\jaiscape\workbench\external\physx\physx-sys\physx\physx\compiler\vc22win64\sdk_source_bin\lowleveldynamics.dir\release\dyfeatherstonearticulation.obj
c:\dev\jaiscape\workbench\external\physx\physx-sys\physx\physx\compiler\vc22win64\sdk_source_bin\lowleveldynamics.dir\release\dythresholdtable.obj
c:\dev\jaiscape\workbench\external\physx\physx-sys\physx\physx\compiler\vc22win64\sdk_source_bin\lowleveldynamics.dir\release\dyarticulationcontactpreppf.obj
c:\dev\jaiscape\workbench\external\physx\physx-sys\physx\physx\compiler\vc22win64\sdk_source_bin\lowleveldynamics.dir\release\dyfrictioncorrelation.obj
c:\dev\jaiscape\workbench\external\physx\physx-sys\physx\physx\compiler\vc22win64\sdk_source_bin\lowleveldynamics.dir\release\dysolverpfconstraints.obj
c:\dev\jaiscape\workbench\external\physx\physx-sys\physx\physx\compiler\vc22win64\sdk_source_bin\lowleveldynamics.dir\release\dycontactprep.obj
c:\dev\jaiscape\workbench\external\physx\physx-sys\physx\physx\compiler\vc22win64\sdk_source_bin\lowleveldynamics.dir\release\dytgscontactprepblock.obj
c:\dev\jaiscape\workbench\external\physx\physx-sys\physx\physx\compiler\vc22win64\sdk_source_bin\lowleveldynamics.dir\release\dyarticulationhelper.obj
c:\dev\jaiscape\workbench\external\physx\physx-sys\physx\physx\compiler\vc22win64\sdk_source_bin\lowleveldynamics.dir\release\dysolvercontrol.obj
c:\dev\jaiscape\workbench\external\physx\physx-sys\physx\physx\bin\win.x86_64.vc142.mt\release\lowleveldynamics_static_64.pdb
c:\dev\jaiscape\workbench\external\physx\physx-sys\physx\physx\compiler\vc22win64\sdk_source_bin\cmakefiles\generate.stamp
c:\dev\jaiscape\workbench\external\physx\physx-sys\physx\physx\bin\win.x86_64.vc142.mt\release\lowleveldynamics_static_64.lib
c:\dev\jaiscape\workbench\external\physx\physx-sys\physx\physx\compiler\vc22win64\sdk_source_bin\lowleveldynamics.dir\release\lowleveldynamics.tlog\cl.1928.write.1.tlog
c:\dev\jaiscape\workbench\external\physx\physx-sys\physx\physx\compiler\vc22win64\sdk_source_bin\lowleveldynamics.dir\release\lowleveldynamics.tlog\cl.command.1.tlog
c:\dev\jaiscape\workbench\external\physx\physx-sys\physx\physx\compiler\vc22win64\sdk_source_bin\lowleveldynamics.dir\release\lowleveldynamics.tlog\cl.read.1.tlog
c:\dev\jaiscape\workbench\external\physx\physx-sys\physx\physx\compiler\vc22win64\sdk_source_bin\lowleveldynamics.dir\release\lowleveldynamics.tlog\custombuild.command.1.tlog
c:\dev\jaiscape\workbench\external\physx\physx-sys\physx\physx\compiler\vc22win64\sdk_source_bin\lowleveldynamics.dir\release\lowleveldynamics.tlog\custombuild.read.1.tlog
c:\dev\jaiscape\workbench\external\physx\physx-sys\physx\physx\compiler\vc22win64\sdk_source_bin\lowleveldynamics.dir\release\lowleveldynamics.tlog\custombuild.write.1.tlog
c:\dev\jaiscape\workbench\external\physx\physx-sys\physx\physx\compiler\vc22win64\sdk_source_bin\lowleveldynamics.dir\release\lowleveldynamics.tlog\lib-link.read.1.tlog
c:\dev\jaiscape\workbench\external\physx\physx-sys\physx\physx\compiler\vc22win64\sdk_source_bin\lowleveldynamics.dir\release\lowleveldynamics.tlog\lib-link.write.1.tlog
c:\dev\jaiscape\workbench\external\physx\physx-sys\physx\physx\compiler\vc22win64\sdk_source_bin\lowleveldynamics.dir\release\lowleveldynamics.tlog\lib.command.1.tlog
