  Building Custom Rule C:/Dev/jaiscape/workbench/external/physx/physx-rs/physx-sys/PhysX/physx/source/compiler/cmake/CMakeLists.txt
  DyArticulation.cpp
  DyArticulationContactPrep.cpp
  DyArticulationContactPrepPF.cpp
  DyArticulationHelper.cpp
  DyArticulationScalar.cpp
  DyArticulationSIMD.cpp
  DyFeatherstoneArticulation.cpp
  DyFeatherstoneForwardDynamic.cpp
  DyFeatherstoneInverseDynamic.cpp
  DyConstraintPartition.cpp
  DyConstraintSetup.cpp
  DyConstraintSetupBlock.cpp
  DyContactPrep.cpp
  DyContactPrep4.cpp
  DyContactPrep4PF.cpp
  DyContactPrepPF.cpp
  DyDynamics.cpp
  DyFrictionCorrelation.cpp
  DyRigidBodyToSolverBody.cpp
  DySolverConstraints.cpp
  DySolverConstraintsBlock.cpp
  DySolverControl.cpp
  DySolverControlPF.cpp
  DySolverPFConstraints.cpp
  DySolverPFConstraintsBlock.cpp
  DyThreadContext.cpp
  DyThresholdTable.cpp
  DyTGSDynamics.cpp
  DyTGSContactPrep.cpp
  DyTGSContactPrepBlock.cpp
  LowLevelDynamics.vcxproj -> C:\Dev\jaiscape\workbench\external\physx\physx-rs\physx-sys\PhysX\physx\bin\win.x86_64.vc142.mt\release\LowLevelDynamics_static_64.lib
