  Building Custom Rule C:/Dev/jaiscape/workbench/external/physx/physx-rs/physx-sys/PhysX/physx/source/compiler/cmake/CMakeLists.txt
  px_globals.cpp
  PxcContactCache.cpp
  PxcContactMethodImpl.cpp
  PxcMaterialHeightField.cpp
  PxcMaterialMesh.cpp
  PxcMaterialMethodImpl.cpp
  PxcMaterialShape.cpp
  PxcNpBatch.cpp
  PxcNpCacheStreamPair.cpp
  PxcNpContactPrepShared.cpp
  PxcNpMemBlockPool.cpp
  PxcNpThreadContext.cpp
  PxsCCD.cpp
  PxsContactManager.cpp
  PxsContext.cpp
  PxsDefaultMemoryManager.cpp
  PxsIslandSim.cpp
  PxsMaterialCombiner.cpp
  PxsNphaseImplementationContext.cpp
  PxsSimpleIslandManager.cpp
  LowLevel.vcxproj -> C:\Dev\jaiscape\workbench\external\physx\physx-rs\physx-sys\PhysX\physx\bin\win.x86_64.vc142.mt\release\LowLevel_static_64.lib
