c:\dev\jaiscape\workbench\external\physx\physx-sys\physx\physx\compiler\vc22win64\sdk_source_bin\scenequery.dir\release\sqbucketpruner.obj
c:\dev\jaiscape\workbench\external\physx\physx-sys\physx\physx\compiler\vc22win64\sdk_source_bin\scenequery.dir\release\sqpruningpool.obj
c:\dev\jaiscape\workbench\external\physx\physx-sys\physx\physx\compiler\vc22win64\sdk_source_bin\scenequery.dir\release\sqpruningstructure.obj
c:\dev\jaiscape\workbench\external\physx\physx-sys\physx\physx\compiler\vc22win64\sdk_source_bin\scenequery.dir\release\sqbounds.obj
c:\dev\jaiscape\workbench\external\physx\physx-sys\physx\physx\compiler\vc22win64\sdk_source_bin\scenequery.dir\release\sqaabbtree.obj
c:\dev\jaiscape\workbench\external\physx\physx-sys\physx\physx\compiler\vc22win64\sdk_source_bin\scenequery.dir\release\sqcompoundpruningpool.obj
c:\dev\jaiscape\workbench\external\physx\physx-sys\physx\physx\compiler\vc22win64\sdk_source_bin\scenequery.dir\release\sqincrementalaabbpruner.obj
c:\dev\jaiscape\workbench\external\physx\physx-sys\physx\physx\compiler\vc22win64\sdk_source_bin\scenequery.dir\release\sqmetadata.obj
c:\dev\jaiscape\workbench\external\physx\physx-sys\physx\physx\compiler\vc22win64\sdk_source_bin\scenequery.dir\release\sqcompoundpruner.obj
c:\dev\jaiscape\workbench\external\physx\physx-sys\physx\physx\compiler\vc22win64\sdk_source_bin\scenequery.dir\release\sqaabbpruner.obj
c:\dev\jaiscape\workbench\external\physx\physx-sys\physx\physx\compiler\vc22win64\sdk_source_bin\scenequery.dir\release\sqextendedbucketpruner.obj
c:\dev\jaiscape\workbench\external\physx\physx-sys\physx\physx\compiler\vc22win64\sdk_source_bin\scenequery.dir\release\sqincrementalaabbprunercore.obj
c:\dev\jaiscape\workbench\external\physx\physx-sys\physx\physx\compiler\vc22win64\sdk_source_bin\scenequery.dir\release\sqincrementalaabbtree.obj
c:\dev\jaiscape\workbench\external\physx\physx-sys\physx\physx\compiler\vc22win64\sdk_source_bin\scenequery.dir\release\sqaabbtreeupdatemap.obj
c:\dev\jaiscape\workbench\external\physx\physx-sys\physx\physx\compiler\vc22win64\sdk_source_bin\scenequery.dir\release\sqscenequerymanager.obj
c:\dev\jaiscape\workbench\external\physx\physx-sys\physx\physx\bin\win.x86_64.vc142.mt\release\scenequery_static_64.pdb
c:\dev\jaiscape\workbench\external\physx\physx-sys\physx\physx\compiler\vc22win64\sdk_source_bin\cmakefiles\generate.stamp
c:\dev\jaiscape\workbench\external\physx\physx-sys\physx\physx\bin\win.x86_64.vc142.mt\release\scenequery_static_64.lib
c:\dev\jaiscape\workbench\external\physx\physx-sys\physx\physx\compiler\vc22win64\sdk_source_bin\scenequery.dir\release\scenequery.tlog\cl.10560.write.1.tlog
c:\dev\jaiscape\workbench\external\physx\physx-sys\physx\physx\compiler\vc22win64\sdk_source_bin\scenequery.dir\release\scenequery.tlog\cl.command.1.tlog
c:\dev\jaiscape\workbench\external\physx\physx-sys\physx\physx\compiler\vc22win64\sdk_source_bin\scenequery.dir\release\scenequery.tlog\cl.read.1.tlog
c:\dev\jaiscape\workbench\external\physx\physx-sys\physx\physx\compiler\vc22win64\sdk_source_bin\scenequery.dir\release\scenequery.tlog\custombuild.command.1.tlog
c:\dev\jaiscape\workbench\external\physx\physx-sys\physx\physx\compiler\vc22win64\sdk_source_bin\scenequery.dir\release\scenequery.tlog\custombuild.read.1.tlog
c:\dev\jaiscape\workbench\external\physx\physx-sys\physx\physx\compiler\vc22win64\sdk_source_bin\scenequery.dir\release\scenequery.tlog\custombuild.write.1.tlog
c:\dev\jaiscape\workbench\external\physx\physx-sys\physx\physx\compiler\vc22win64\sdk_source_bin\scenequery.dir\release\scenequery.tlog\lib-link.read.1.tlog
c:\dev\jaiscape\workbench\external\physx\physx-sys\physx\physx\compiler\vc22win64\sdk_source_bin\scenequery.dir\release\scenequery.tlog\lib-link.write.1.tlog
c:\dev\jaiscape\workbench\external\physx\physx-sys\physx\physx\compiler\vc22win64\sdk_source_bin\scenequery.dir\release\scenequery.tlog\lib.command.1.tlog
