c:\dev\jaiscape\workbench\external\physx\physx-sys\physx\physx\compiler\vc22win64\sdk_snippets_bin\snippetvehicle4w.dir\release\snippetvehiclefiltershader.obj
c:\dev\jaiscape\workbench\external\physx\physx-sys\physx\physx\compiler\vc22win64\sdk_snippets_bin\snippetvehicle4w.dir\release\snippetvehicletirefriction.obj
c:\dev\jaiscape\workbench\external\physx\physx-sys\physx\physx\compiler\vc22win64\sdk_snippets_bin\snippetvehicle4w.dir\release\snippetvehiclescenequery.obj
c:\dev\jaiscape\workbench\external\physx\physx-sys\physx\physx\compiler\vc22win64\sdk_snippets_bin\snippetvehicle4w.dir\release\snippetvehicle4wcreate.obj
c:\dev\jaiscape\workbench\external\physx\physx-sys\physx\physx\compiler\vc22win64\sdk_snippets_bin\snippetvehicle4w.dir\release\classicmain.obj
c:\dev\jaiscape\workbench\external\physx\physx-sys\physx\physx\compiler\vc22win64\sdk_snippets_bin\snippetvehicle4w.dir\release\snippetvehicletankcreate.obj
c:\dev\jaiscape\workbench\external\physx\physx-sys\physx\physx\compiler\vc22win64\sdk_snippets_bin\snippetvehicle4w.dir\release\snippetvehiclecreate.obj
c:\dev\jaiscape\workbench\external\physx\physx-sys\physx\physx\compiler\vc22win64\sdk_snippets_bin\snippetvehicle4w.dir\release\snippetvehiclenodrivecreate.obj
c:\dev\jaiscape\workbench\external\physx\physx-sys\physx\physx\compiler\vc22win64\sdk_snippets_bin\snippetvehicle4w.dir\release\snippetvehicle4w.obj
c:\dev\jaiscape\workbench\external\physx\physx-sys\physx\physx\compiler\vc22win64\sdk_snippets_bin\snippetvehicle4w.dir\release\snippetvehicle4wrender.obj
c:\dev\jaiscape\workbench\external\physx\physx-sys\physx\physx\compiler\vc22win64\sdk_snippets_bin\snippetvehicle4w.dir\release\vc143.pdb
c:\dev\jaiscape\workbench\external\physx\physx-sys\physx\physx\compiler\vc22win64\sdk_snippets_bin\cmakefiles\generate.stamp
c:\dev\jaiscape\workbench\external\physx\physx-sys\physx\physx\bin\win.x86_64.vc142.mt\release\snippetvehicle4w_64.exe
c:\dev\jaiscape\workbench\external\physx\physx-sys\physx\physx\compiler\vc22win64\sdk_snippets_bin\snippetvehicle4w.dir\release\snippetvehicle4w.tlog\cl.13716.write.1.tlog
c:\dev\jaiscape\workbench\external\physx\physx-sys\physx\physx\compiler\vc22win64\sdk_snippets_bin\snippetvehicle4w.dir\release\snippetvehicle4w.tlog\cl.command.1.tlog
c:\dev\jaiscape\workbench\external\physx\physx-sys\physx\physx\compiler\vc22win64\sdk_snippets_bin\snippetvehicle4w.dir\release\snippetvehicle4w.tlog\cl.read.1.tlog
c:\dev\jaiscape\workbench\external\physx\physx-sys\physx\physx\compiler\vc22win64\sdk_snippets_bin\snippetvehicle4w.dir\release\snippetvehicle4w.tlog\custombuild.command.1.tlog
c:\dev\jaiscape\workbench\external\physx\physx-sys\physx\physx\compiler\vc22win64\sdk_snippets_bin\snippetvehicle4w.dir\release\snippetvehicle4w.tlog\custombuild.read.1.tlog
c:\dev\jaiscape\workbench\external\physx\physx-sys\physx\physx\compiler\vc22win64\sdk_snippets_bin\snippetvehicle4w.dir\release\snippetvehicle4w.tlog\custombuild.write.1.tlog
c:\dev\jaiscape\workbench\external\physx\physx-sys\physx\physx\compiler\vc22win64\sdk_snippets_bin\snippetvehicle4w.dir\release\snippetvehicle4w.tlog\link.command.1.tlog
c:\dev\jaiscape\workbench\external\physx\physx-sys\physx\physx\compiler\vc22win64\sdk_snippets_bin\snippetvehicle4w.dir\release\snippetvehicle4w.tlog\link.read.1.tlog
c:\dev\jaiscape\workbench\external\physx\physx-sys\physx\physx\compiler\vc22win64\sdk_snippets_bin\snippetvehicle4w.dir\release\snippetvehicle4w.tlog\link.write.1.tlog
