c:\dev\jaiscape\workbench\external\physx\physx-sys\physx\physx\compiler\vc22win64\sdk_snippets_bin\snippetvehiclemultithreading.dir\release\snippetvehicle4wcreate.obj
c:\dev\jaiscape\workbench\external\physx\physx-sys\physx\physx\compiler\vc22win64\sdk_snippets_bin\snippetvehiclemultithreading.dir\release\classicmain.obj
c:\dev\jaiscape\workbench\external\physx\physx-sys\physx\physx\compiler\vc22win64\sdk_snippets_bin\snippetvehiclemultithreading.dir\release\snippetvehiclenodrivecreate.obj
c:\dev\jaiscape\workbench\external\physx\physx-sys\physx\physx\compiler\vc22win64\sdk_snippets_bin\snippetvehiclemultithreading.dir\release\snippetvehiclefiltershader.obj
c:\dev\jaiscape\workbench\external\physx\physx-sys\physx\physx\compiler\vc22win64\sdk_snippets_bin\snippetvehiclemultithreading.dir\release\snippetvehiclecreate.obj
c:\dev\jaiscape\workbench\external\physx\physx-sys\physx\physx\compiler\vc22win64\sdk_snippets_bin\snippetvehiclemultithreading.dir\release\snippetvehicletirefriction.obj
c:\dev\jaiscape\workbench\external\physx\physx-sys\physx\physx\compiler\vc22win64\sdk_snippets_bin\snippetvehiclemultithreading.dir\release\snippetvehicletankcreate.obj
c:\dev\jaiscape\workbench\external\physx\physx-sys\physx\physx\compiler\vc22win64\sdk_snippets_bin\snippetvehiclemultithreading.dir\release\snippetvehiclescenequery.obj
c:\dev\jaiscape\workbench\external\physx\physx-sys\physx\physx\compiler\vc22win64\sdk_snippets_bin\snippetvehiclemultithreading.dir\release\snippetvehiclemultithreading.obj
c:\dev\jaiscape\workbench\external\physx\physx-sys\physx\physx\compiler\vc22win64\sdk_snippets_bin\snippetvehiclemultithreading.dir\release\vc143.pdb
c:\dev\jaiscape\workbench\external\physx\physx-sys\physx\physx\compiler\vc22win64\sdk_snippets_bin\cmakefiles\generate.stamp
c:\dev\jaiscape\workbench\external\physx\physx-sys\physx\physx\bin\win.x86_64.vc142.mt\release\snippetvehiclemultithreading_64.exe
c:\dev\jaiscape\workbench\external\physx\physx-sys\physx\physx\compiler\vc22win64\sdk_snippets_bin\snippetvehiclemultithreading.dir\release\snippetv.b26470f1.tlog\cl.10312.write.1.tlog
c:\dev\jaiscape\workbench\external\physx\physx-sys\physx\physx\compiler\vc22win64\sdk_snippets_bin\snippetvehiclemultithreading.dir\release\snippetv.b26470f1.tlog\cl.command.1.tlog
c:\dev\jaiscape\workbench\external\physx\physx-sys\physx\physx\compiler\vc22win64\sdk_snippets_bin\snippetvehiclemultithreading.dir\release\snippetv.b26470f1.tlog\cl.read.1.tlog
c:\dev\jaiscape\workbench\external\physx\physx-sys\physx\physx\compiler\vc22win64\sdk_snippets_bin\snippetvehiclemultithreading.dir\release\snippetv.b26470f1.tlog\custombuild.command.1.tlog
c:\dev\jaiscape\workbench\external\physx\physx-sys\physx\physx\compiler\vc22win64\sdk_snippets_bin\snippetvehiclemultithreading.dir\release\snippetv.b26470f1.tlog\custombuild.read.1.tlog
c:\dev\jaiscape\workbench\external\physx\physx-sys\physx\physx\compiler\vc22win64\sdk_snippets_bin\snippetvehiclemultithreading.dir\release\snippetv.b26470f1.tlog\custombuild.write.1.tlog
c:\dev\jaiscape\workbench\external\physx\physx-sys\physx\physx\compiler\vc22win64\sdk_snippets_bin\snippetvehiclemultithreading.dir\release\snippetv.b26470f1.tlog\link.command.1.tlog
c:\dev\jaiscape\workbench\external\physx\physx-sys\physx\physx\compiler\vc22win64\sdk_snippets_bin\snippetvehiclemultithreading.dir\release\snippetv.b26470f1.tlog\link.read.1.tlog
c:\dev\jaiscape\workbench\external\physx\physx-sys\physx\physx\compiler\vc22win64\sdk_snippets_bin\snippetvehiclemultithreading.dir\release\snippetv.b26470f1.tlog\link.write.1.tlog
