c:\dev\jaiscape\workbench\external\physx\physx-sys\physx\physx\compiler\vc22win64\sdk_source_bin\physxcommon.dir\release\cmradixsortbuffered.obj
c:\dev\jaiscape\workbench\external\physx\physx-sys\physx\physx\compiler\vc22win64\sdk_source_bin\physxcommon.dir\release\guoverlaptests.obj
c:\dev\jaiscape\workbench\external\physx\physx-sys\physx\physx\compiler\vc22win64\sdk_source_bin\physxcommon.dir\release\gucontactconvexconvex.obj
c:\dev\jaiscape\workbench\external\physx\physx-sys\physx\physx\compiler\vc22win64\sdk_source_bin\physxcommon.dir\release\guconvexmesh.obj
c:\dev\jaiscape\workbench\external\physx\physx-sys\physx\physx\compiler\vc22win64\sdk_source_bin\physxcommon.dir\release\guintersectionspherebox.obj
c:\dev\jaiscape\workbench\external\physx\physx-sys\physx\physx\compiler\vc22win64\sdk_source_bin\physxcommon.dir\release\gumeshquery.obj
c:\dev\jaiscape\workbench\external\physx\physx-sys\physx\physx\compiler\vc22win64\sdk_source_bin\physxcommon.dir\release\gupcmcontactconvexconvex.obj
c:\dev\jaiscape\workbench\external\physx\physx-sys\physx\physx\compiler\vc22win64\sdk_source_bin\physxcommon.dir\release\gupcmcontactsphereplane.obj
c:\dev\jaiscape\workbench\external\physx\physx-sys\physx\physx\compiler\vc22win64\sdk_source_bin\physxcommon.dir\release\gusweepspheretriangle.obj
c:\dev\jaiscape\workbench\external\physx\physx-sys\physx\physx\compiler\vc22win64\sdk_source_bin\physxcommon.dir\release\gubounds.obj
c:\dev\jaiscape\workbench\external\physx\physx-sys\physx\physx\compiler\vc22win64\sdk_source_bin\physxcommon.dir\release\gubarycentriccoordinates.obj
c:\dev\jaiscape\workbench\external\physx\physx-sys\physx\physx\compiler\vc22win64\sdk_source_bin\physxcommon.dir\release\gucontactplanecapsule.obj
c:\dev\jaiscape\workbench\external\physx\physx-sys\physx\physx\compiler\vc22win64\sdk_source_bin\physxcommon.dir\release\gudistancepointbox.obj
c:\dev\jaiscape\workbench\external\physx\physx-sys\physx\physx\compiler\vc22win64\sdk_source_bin\physxcommon.dir\release\guintersectionboxbox.obj
c:\dev\jaiscape\workbench\external\physx\physx-sys\physx\physx\compiler\vc22win64\sdk_source_bin\physxcommon.dir\release\gubv4_spheresweep.obj
c:\dev\jaiscape\workbench\external\physx\physx-sys\physx\physx\compiler\vc22win64\sdk_source_bin\physxcommon.dir\release\gupcmcontactcapsulebox.obj
c:\dev\jaiscape\workbench\external\physx\physx-sys\physx\physx\compiler\vc22win64\sdk_source_bin\physxcommon.dir\release\gupcmcontactsphereheightfield.obj
c:\dev\jaiscape\workbench\external\physx\physx-sys\physx\physx\compiler\vc22win64\sdk_source_bin\physxcommon.dir\release\cmmathutils.obj
c:\dev\jaiscape\workbench\external\physx\physx-sys\physx\physx\compiler\vc22win64\sdk_source_bin\physxcommon.dir\release\gumetadata.obj
c:\dev\jaiscape\workbench\external\physx\physx-sys\physx\physx\compiler\vc22win64\sdk_source_bin\physxcommon.dir\release\gucontactcapsulebox.obj
c:\dev\jaiscape\workbench\external\physx\physx-sys\physx\physx\compiler\vc22win64\sdk_source_bin\physxcommon.dir\release\gubigconvexdata.obj
c:\dev\jaiscape\workbench\external\physx\physx-sys\physx\physx\compiler\vc22win64\sdk_source_bin\physxcommon.dir\release\gugjksimplex.obj
c:\dev\jaiscape\workbench\external\physx\physx-sys\physx\physx\compiler\vc22win64\sdk_source_bin\physxcommon.dir\release\gubv4_boxoverlap.obj
c:\dev\jaiscape\workbench\external\physx\physx-sys\physx\physx\compiler\vc22win64\sdk_source_bin\physxcommon.dir\release\gutrianglemeshbv4.obj
c:\dev\jaiscape\workbench\external\physx\physx-sys\physx\physx\compiler\vc22win64\sdk_source_bin\physxcommon.dir\release\gupcmcontactgenboxconvex.obj
c:\dev\jaiscape\workbench\external\physx\physx-sys\physx\physx\compiler\vc22win64\sdk_source_bin\physxcommon.dir\release\gupersistentcontactmanifold.obj
c:\dev\jaiscape\workbench\external\physx\physx-sys\physx\physx\compiler\vc22win64\sdk_source_bin\physxcommon.dir\release\gucctsweeptests.obj
c:\dev\jaiscape\workbench\external\physx\physx-sys\physx\physx\compiler\vc22win64\sdk_source_bin\physxcommon.dir\release\guccdsweepconvexmesh.obj
c:\dev\jaiscape\workbench\external\physx\physx-sys\physx\physx\compiler\vc22win64\sdk_source_bin\physxcommon.dir\release\gucontactspheresphere.obj
c:\dev\jaiscape\workbench\external\physx\physx-sys\physx\physx\compiler\vc22win64\sdk_source_bin\physxcommon.dir\release\guheightfieldutil.obj
c:\dev\jaiscape\workbench\external\physx\physx-sys\physx\physx\compiler\vc22win64\sdk_source_bin\physxcommon.dir\release\gumidphasertree.obj
c:\dev\jaiscape\workbench\external\physx\physx-sys\physx\physx\compiler\vc22win64\sdk_source_bin\physxcommon.dir\release\gupcmcontactconvexheightfield.obj
c:\dev\jaiscape\workbench\external\physx\physx-sys\physx\physx\compiler\vc22win64\sdk_source_bin\physxcommon.dir\release\gusweepcapsuletriangle.obj
c:\dev\jaiscape\workbench\external\physx\physx-sys\physx\physx\compiler\vc22win64\sdk_source_bin\physxcommon.dir\release\gugeometryquery.obj
c:\dev\jaiscape\workbench\external\physx\physx-sys\physx\physx\compiler\vc22win64\sdk_source_bin\physxcommon.dir\release\gucontactboxbox.obj
c:\dev\jaiscape\workbench\external\physx\physx-sys\physx\physx\compiler\vc22win64\sdk_source_bin\physxcommon.dir\release\gucontactspheremesh.obj
c:\dev\jaiscape\workbench\external\physx\physx-sys\physx\physx\compiler\vc22win64\sdk_source_bin\physxcommon.dir\release\guintersectionedgeedge.obj
c:\dev\jaiscape\workbench\external\physx\physx-sys\physx\physx\compiler\vc22win64\sdk_source_bin\physxcommon.dir\release\gubv4_obbsweep.obj
c:\dev\jaiscape\workbench\external\physx\physx-sys\physx\physx\compiler\vc22win64\sdk_source_bin\physxcommon.dir\release\gubv32.obj
c:\dev\jaiscape\workbench\external\physx\physx-sys\physx\physx\compiler\vc22win64\sdk_source_bin\physxcommon.dir\release\gupcmcontactconvexcommon.obj
c:\dev\jaiscape\workbench\external\physx\physx-sys\physx\physx\compiler\vc22win64\sdk_source_bin\physxcommon.dir\release\gupcmcontactspheresphere.obj
c:\dev\jaiscape\workbench\external\physx\physx-sys\physx\physx\compiler\vc22win64\sdk_source_bin\physxcommon.dir\release\guinternal.obj
c:\dev\jaiscape\workbench\external\physx\physx-sys\physx\physx\compiler\vc22win64\sdk_source_bin\physxcommon.dir\release\gumeshfactory.obj
c:\dev\jaiscape\workbench\external\physx\physx-sys\physx\physx\compiler\vc22win64\sdk_source_bin\physxcommon.dir\release\gucontactcapsuleconvex.obj
c:\dev\jaiscape\workbench\external\physx\physx-sys\physx\physx\compiler\vc22win64\sdk_source_bin\physxcommon.dir\release\guconvexsupporttable.obj
c:\dev\jaiscape\workbench\external\physx\physx-sys\physx\physx\compiler\vc22win64\sdk_source_bin\physxcommon.dir\release\guoverlaptestshf.obj
c:\dev\jaiscape\workbench\external\physx\physx-sys\physx\physx\compiler\vc22win64\sdk_source_bin\physxcommon.dir\release\gurtree.obj
c:\dev\jaiscape\workbench\external\physx\physx-sys\physx\physx\compiler\vc22win64\sdk_source_bin\physxcommon.dir\release\gupcmcontactcapsuleconvex.obj
c:\dev\jaiscape\workbench\external\physx\physx-sys\physx\physx\compiler\vc22win64\sdk_source_bin\physxcommon.dir\release\gupcmcontactspheremesh.obj
c:\dev\jaiscape\workbench\external\physx\physx-sys\physx\physx\compiler\vc22win64\sdk_source_bin\physxcommon.dir\release\gucapsule.obj
c:\dev\jaiscape\workbench\external\physx\physx-sys\physx\physx\compiler\vc22win64\sdk_source_bin\physxcommon.dir\release\gusweeptests.obj
c:\dev\jaiscape\workbench\external\physx\physx-sys\physx\physx\compiler\vc22win64\sdk_source_bin\physxcommon.dir\release\gucontactspherecapsule.obj
c:\dev\jaiscape\workbench\external\physx\physx-sys\physx\physx\compiler\vc22win64\sdk_source_bin\physxcommon.dir\release\guepa.obj
c:\dev\jaiscape\workbench\external\physx\physx-sys\physx\physx\compiler\vc22win64\sdk_source_bin\physxcommon.dir\release\gubv4.obj
c:\dev\jaiscape\workbench\external\physx\physx-sys\physx\physx\compiler\vc22win64\sdk_source_bin\physxcommon.dir\release\gurtreequeries.obj
c:\dev\jaiscape\workbench\external\physx\physx-sys\physx\physx\compiler\vc22win64\sdk_source_bin\physxcommon.dir\release\gupcmcontactcapsulemesh.obj
c:\dev\jaiscape\workbench\external\physx\physx-sys\physx\physx\compiler\vc22win64\sdk_source_bin\physxcommon.dir\release\gupcmshapeconvex.obj
c:\dev\jaiscape\workbench\external\physx\physx-sys\physx\physx\compiler\vc22win64\sdk_source_bin\physxcommon.dir\release\cmradixsort.obj
c:\dev\jaiscape\workbench\external\physx\physx-sys\physx\physx\compiler\vc22win64\sdk_source_bin\physxcommon.dir\release\gumtd.obj
c:\dev\jaiscape\workbench\external\physx\physx-sys\physx\physx\compiler\vc22win64\sdk_source_bin\physxcommon.dir\release\gucontactcapsulemesh.obj
c:\dev\jaiscape\workbench\external\physx\physx-sys\physx\physx\compiler\vc22win64\sdk_source_bin\physxcommon.dir\release\guconvexutilsinternal.obj
c:\dev\jaiscape\workbench\external\physx\physx-sys\physx\physx\compiler\vc22win64\sdk_source_bin\physxcommon.dir\release\gubv4build.obj
c:\dev\jaiscape\workbench\external\physx\physx-sys\physx\physx\compiler\vc22win64\sdk_source_bin\physxcommon.dir\release\gutrianglemesh.obj
c:\dev\jaiscape\workbench\external\physx\physx-sys\physx\physx\compiler\vc22win64\sdk_source_bin\physxcommon.dir\release\gupcmcontactgenspherecapsule.obj
c:\dev\jaiscape\workbench\external\physx\physx-sys\physx\physx\compiler\vc22win64\sdk_source_bin\physxcommon.dir\release\gusweepboxbox.obj
c:\dev\jaiscape\workbench\external\physx\physx-sys\physx\physx\compiler\vc22win64\sdk_source_bin\physxcommon.dir\release\gubox.obj
c:\dev\jaiscape\workbench\external\physx\physx-sys\physx\physx\compiler\vc22win64\sdk_source_bin\physxcommon.dir\release\gusweepmtd.obj
c:\dev\jaiscape\workbench\external\physx\physx-sys\physx\physx\compiler\vc22win64\sdk_source_bin\physxcommon.dir\release\gucontactpolygonpolygon.obj
c:\dev\jaiscape\workbench\external\physx\physx-sys\physx\physx\compiler\vc22win64\sdk_source_bin\physxcommon.dir\release\gushapeconvex.obj
c:\dev\jaiscape\workbench\external\physx\physx-sys\physx\physx\compiler\vc22win64\sdk_source_bin\physxcommon.dir\release\guintersectioncapsuletriangle.obj
c:\dev\jaiscape\workbench\external\physx\physx-sys\physx\physx\compiler\vc22win64\sdk_source_bin\physxcommon.dir\release\gubv4_capsulesweepaa.obj
c:\dev\jaiscape\workbench\external\physx\physx-sys\physx\physx\compiler\vc22win64\sdk_source_bin\physxcommon.dir\release\gutrianglemeshrtree.obj
c:\dev\jaiscape\workbench\external\physx\physx-sys\physx\physx\compiler\vc22win64\sdk_source_bin\physxcommon.dir\release\gupcmcontactplaneconvex.obj
c:\dev\jaiscape\workbench\external\physx\physx-sys\physx\physx\compiler\vc22win64\sdk_source_bin\physxcommon.dir\release\gusweepboxtriangle_featurebased.obj
c:\dev\jaiscape\workbench\external\physx\physx-sys\physx\physx\compiler\vc22win64\sdk_source_bin\physxcommon.dir\release\cmwindowsdelayloadhook.obj
c:\dev\jaiscape\workbench\external\physx\physx-sys\physx\physx\compiler\vc22win64\sdk_source_bin\physxcommon.dir\release\gubvhstructure.obj
c:\dev\jaiscape\workbench\external\physx\physx-sys\physx\physx\compiler\vc22win64\sdk_source_bin\physxcommon.dir\release\gucontactsphereplane.obj
c:\dev\jaiscape\workbench\external\physx\physx-sys\physx\physx\compiler\vc22win64\sdk_source_bin\physxcommon.dir\release\gugjktest.obj
c:\dev\jaiscape\workbench\external\physx\physx-sys\physx\physx\compiler\vc22win64\sdk_source_bin\physxcommon.dir\release\gumidphasebv4.obj
c:\dev\jaiscape\workbench\external\physx\physx-sys\physx\physx\compiler\vc22win64\sdk_source_bin\physxcommon.dir\release\gupcmcontactcapsuleheightfield.obj
c:\dev\jaiscape\workbench\external\physx\physx-sys\physx\physx\compiler\vc22win64\sdk_source_bin\physxcommon.dir\release\gusweepcapsulecapsule.obj
c:\dev\jaiscape\workbench\external\physx\physx-sys\physx\physx\compiler\vc22win64\sdk_source_bin\physxcommon.dir\release\cmvisualization.obj
c:\dev\jaiscape\workbench\external\physx\physx-sys\physx\physx\compiler\vc22win64\sdk_source_bin\physxcommon.dir\release\guraycasttests.obj
c:\dev\jaiscape\workbench\external\physx\physx-sys\physx\physx\compiler\vc22win64\sdk_source_bin\physxcommon.dir\release\gucontactplanebox.obj
c:\dev\jaiscape\workbench\external\physx\physx-sys\physx\physx\compiler\vc22win64\sdk_source_bin\physxcommon.dir\release\guhillclimbing.obj
c:\dev\jaiscape\workbench\external\physx\physx-sys\physx\physx\compiler\vc22win64\sdk_source_bin\physxcommon.dir\release\guheightfield.obj
c:\dev\jaiscape\workbench\external\physx\physx-sys\physx\physx\compiler\vc22win64\sdk_source_bin\physxcommon.dir\release\gubv4_raycast.obj
c:\dev\jaiscape\workbench\external\physx\physx-sys\physx\physx\compiler\vc22win64\sdk_source_bin\physxcommon.dir\release\gupcmcontactcapsulecapsule.obj
c:\dev\jaiscape\workbench\external\physx\physx-sys\physx\physx\compiler\vc22win64\sdk_source_bin\physxcommon.dir\release\gupcmcontactsphereconvex.obj
c:\dev\jaiscape\workbench\external\physx\physx-sys\physx\physx\compiler\vc22win64\sdk_source_bin\physxcommon.dir\release\gusweepspheresphere.obj
c:\dev\jaiscape\workbench\external\physx\physx-sys\physx\physx\compiler\vc22win64\sdk_source_bin\physxcommon.dir\release\cmrenderoutput.obj
c:\dev\jaiscape\workbench\external\physx\physx-sys\physx\physx\compiler\vc22win64\sdk_source_bin\physxcommon.dir\release\guccdsweepprimitives.obj
c:\dev\jaiscape\workbench\external\physx\physx-sys\physx\physx\compiler\vc22win64\sdk_source_bin\physxcommon.dir\release\gufeaturecode.obj
c:\dev\jaiscape\workbench\external\physx\physx-sys\physx\physx\compiler\vc22win64\sdk_source_bin\physxcommon.dir\release\gudistancepointtriangle.obj
c:\dev\jaiscape\workbench\external\physx\physx-sys\physx\physx\compiler\vc22win64\sdk_source_bin\physxcommon.dir\release\guintersectionraycapsule.obj
c:\dev\jaiscape\workbench\external\physx\physx-sys\physx\physx\compiler\vc22win64\sdk_source_bin\physxcommon.dir\release\gubv4_capsulesweep.obj
c:\dev\jaiscape\workbench\external\physx\physx-sys\physx\physx\compiler\vc22win64\sdk_source_bin\physxcommon.dir\release\gubv32build.obj
c:\dev\jaiscape\workbench\external\physx\physx-sys\physx\physx\compiler\vc22win64\sdk_source_bin\physxcommon.dir\release\gupcmcontactplanebox.obj
c:\dev\jaiscape\workbench\external\physx\physx-sys\physx\physx\compiler\vc22win64\sdk_source_bin\physxcommon.dir\release\gusweepboxsphere.obj
c:\dev\jaiscape\workbench\external\physx\physx-sys\physx\physx\compiler\vc22win64\sdk_source_bin\physxcommon.dir\release\cmwindowsmoduleupdateloader.obj
c:\dev\jaiscape\workbench\external\physx\physx-sys\physx\physx\compiler\vc22win64\sdk_source_bin\physxcommon.dir\release\guseparatingaxes.obj
c:\dev\jaiscape\workbench\external\physx\physx-sys\physx\physx\compiler\vc22win64\sdk_source_bin\physxcommon.dir\release\gucontactconvexmesh.obj
c:\dev\jaiscape\workbench\external\physx\physx-sys\physx\physx\compiler\vc22win64\sdk_source_bin\physxcommon.dir\release\gudistancesegmentsegment.obj
c:\dev\jaiscape\workbench\external\physx\physx-sys\physx\physx\compiler\vc22win64\sdk_source_bin\physxcommon.dir\release\gusweepshf.obj
c:\dev\jaiscape\workbench\external\physx\physx-sys\physx\physx\compiler\vc22win64\sdk_source_bin\physxcommon.dir\release\gusweepsmesh.obj
c:\dev\jaiscape\workbench\external\physx\physx-sys\physx\physx\compiler\vc22win64\sdk_source_bin\physxcommon.dir\release\gupcmcontactspherecapsule.obj
c:\dev\jaiscape\workbench\external\physx\physx-sys\physx\physx\compiler\vc22win64\sdk_source_bin\physxcommon.dir\release\gusweepspherecapsule.obj
c:\dev\jaiscape\workbench\external\physx\physx-sys\physx\physx\compiler\vc22win64\sdk_source_bin\physxcommon.dir\release\gusweeptriangleutils.obj
c:\dev\jaiscape\workbench\external\physx\physx-sys\physx\physx\compiler\vc22win64\sdk_source_bin\physxcommon.dir\release\cmcollection.obj
c:\dev\jaiscape\workbench\external\physx\physx-sys\physx\physx\compiler\vc22win64\sdk_source_bin\physxcommon.dir\release\guserialize.obj
c:\dev\jaiscape\workbench\external\physx\physx-sys\physx\physx\compiler\vc22win64\sdk_source_bin\physxcommon.dir\release\gucontactcapsulecapsule.obj
c:\dev\jaiscape\workbench\external\physx\physx-sys\physx\physx\compiler\vc22win64\sdk_source_bin\physxcommon.dir\release\guconvexhelper.obj
c:\dev\jaiscape\workbench\external\physx\physx-sys\physx\physx\compiler\vc22win64\sdk_source_bin\physxcommon.dir\release\guintersectionraybox.obj
c:\dev\jaiscape\workbench\external\physx\physx-sys\physx\physx\compiler\vc22win64\sdk_source_bin\physxcommon.dir\release\gubv4_sphereoverlap.obj
c:\dev\jaiscape\workbench\external\physx\physx-sys\physx\physx\compiler\vc22win64\sdk_source_bin\physxcommon.dir\release\gupcmcontactboxbox.obj
c:\dev\jaiscape\workbench\external\physx\physx-sys\physx\physx\compiler\vc22win64\sdk_source_bin\physxcommon.dir\release\gupcmcontactplanecapsule.obj
c:\dev\jaiscape\workbench\external\physx\physx-sys\physx\physx\compiler\vc22win64\sdk_source_bin\physxcommon.dir\release\gupcmtrianglecontactgen.obj
c:\dev\jaiscape\workbench\external\physx\physx-sys\physx\physx\compiler\vc22win64\sdk_source_bin\physxcommon.dir\release\cmptrtable.obj
c:\dev\jaiscape\workbench\external\physx\physx-sys\physx\physx\compiler\vc22win64\sdk_source_bin\physxcommon.dir\release\gusweepsharedtests.obj
c:\dev\jaiscape\workbench\external\physx\physx-sys\physx\physx\compiler\vc22win64\sdk_source_bin\physxcommon.dir\release\gucontactplaneconvex.obj
c:\dev\jaiscape\workbench\external\physx\physx-sys\physx\physx\compiler\vc22win64\sdk_source_bin\physxcommon.dir\release\gudistancesegmentbox.obj
c:\dev\jaiscape\workbench\external\physx\physx-sys\physx\physx\compiler\vc22win64\sdk_source_bin\physxcommon.dir\release\guintersectiontrianglebox.obj
c:\dev\jaiscape\workbench\external\physx\physx-sys\physx\physx\compiler\vc22win64\sdk_source_bin\physxcommon.dir\release\guoverlaptestsmesh.obj
c:\dev\jaiscape\workbench\external\physx\physx-sys\physx\physx\compiler\vc22win64\sdk_source_bin\physxcommon.dir\release\gupcmcontactconvexmesh.obj
c:\dev\jaiscape\workbench\external\physx\physx-sys\physx\physx\compiler\vc22win64\sdk_source_bin\physxcommon.dir\release\gusweepboxtriangle_sat.obj
c:\dev\jaiscape\workbench\external\physx\physx-sys\physx\physx\compiler\vc22win64\sdk_source_bin\physxcommon.dir\release\gugeometryunion.obj
c:\dev\jaiscape\workbench\external\physx\physx-sys\physx\physx\compiler\vc22win64\sdk_source_bin\physxcommon.dir\release\guaabbtreebuild.obj
c:\dev\jaiscape\workbench\external\physx\physx-sys\physx\physx\compiler\vc22win64\sdk_source_bin\physxcommon.dir\release\gucontactspherebox.obj
c:\dev\jaiscape\workbench\external\physx\physx-sys\physx\physx\compiler\vc22win64\sdk_source_bin\physxcommon.dir\release\gudistancesegmenttriangle.obj
c:\dev\jaiscape\workbench\external\physx\physx-sys\physx\physx\compiler\vc22win64\sdk_source_bin\physxcommon.dir\release\guintersectionraysphere.obj
c:\dev\jaiscape\workbench\external\physx\physx-sys\physx\physx\compiler\vc22win64\sdk_source_bin\physxcommon.dir\release\gubv4_aabbsweep.obj
c:\dev\jaiscape\workbench\external\physx\physx-sys\physx\physx\compiler\vc22win64\sdk_source_bin\physxcommon.dir\release\gupcmcontactboxconvex.obj
c:\dev\jaiscape\workbench\external\physx\physx-sys\physx\physx\compiler\vc22win64\sdk_source_bin\physxcommon.dir\release\gupcmcontactspherebox.obj
c:\dev\jaiscape\workbench\external\physx\physx-sys\physx\physx\compiler\vc22win64\sdk_source_bin\physxcommon.dir\release\gusweepcapsulebox.obj
c:\dev\jaiscape\workbench\external\physx\physx-sys\physx\physx\bin\win.x86_64.vc142.mt\release\physxcommon_64.pdb
c:\dev\jaiscape\workbench\external\physx\physx-sys\physx\physx\compiler\vc22win64\sdk_source_bin\cmakefiles\generate.stamp
c:\dev\jaiscape\workbench\external\physx\physx-sys\physx\physx\bin\win.x86_64.vc142.mt\release\physxcommon_64.lib
c:\dev\jaiscape\workbench\external\physx\physx-sys\physx\physx\bin\win.x86_64.vc142.mt\release\physxcommon_64.exp
c:\dev\jaiscape\workbench\external\physx\physx-sys\physx\physx\bin\win.x86_64.vc142.mt\release\physxcommon_64.dll
c:\dev\jaiscape\workbench\external\physx\physx-sys\physx\physx\bin\win.x86_64.vc142.mt\release\physxcommon_64.map
c:\dev\jaiscape\workbench\external\physx\physx-sys\physx\physx\compiler\vc22win64\sdk_source_bin\physxcommon.dir\release\physxcommon.res
c:\dev\jaiscape\workbench\external\physx\physx-sys\physx\physx\compiler\vc22win64\sdk_source_bin\physxcommon.dir\release\physxcommon.tlog\cl.11352.write.1.tlog
c:\dev\jaiscape\workbench\external\physx\physx-sys\physx\physx\compiler\vc22win64\sdk_source_bin\physxcommon.dir\release\physxcommon.tlog\cl.command.1.tlog
c:\dev\jaiscape\workbench\external\physx\physx-sys\physx\physx\compiler\vc22win64\sdk_source_bin\physxcommon.dir\release\physxcommon.tlog\cl.read.1.tlog
c:\dev\jaiscape\workbench\external\physx\physx-sys\physx\physx\compiler\vc22win64\sdk_source_bin\physxcommon.dir\release\physxcommon.tlog\custombuild.command.1.tlog
c:\dev\jaiscape\workbench\external\physx\physx-sys\physx\physx\compiler\vc22win64\sdk_source_bin\physxcommon.dir\release\physxcommon.tlog\custombuild.read.1.tlog
c:\dev\jaiscape\workbench\external\physx\physx-sys\physx\physx\compiler\vc22win64\sdk_source_bin\physxcommon.dir\release\physxcommon.tlog\custombuild.write.1.tlog
c:\dev\jaiscape\workbench\external\physx\physx-sys\physx\physx\compiler\vc22win64\sdk_source_bin\physxcommon.dir\release\physxcommon.tlog\link.command.1.tlog
c:\dev\jaiscape\workbench\external\physx\physx-sys\physx\physx\compiler\vc22win64\sdk_source_bin\physxcommon.dir\release\physxcommon.tlog\link.read.1.tlog
c:\dev\jaiscape\workbench\external\physx\physx-sys\physx\physx\compiler\vc22win64\sdk_source_bin\physxcommon.dir\release\physxcommon.tlog\link.write.1.tlog
c:\dev\jaiscape\workbench\external\physx\physx-sys\physx\physx\compiler\vc22win64\sdk_source_bin\physxcommon.dir\release\physxcommon.tlog\link.write.2u.tlog
c:\dev\jaiscape\workbench\external\physx\physx-sys\physx\physx\compiler\vc22win64\sdk_source_bin\physxcommon.dir\release\physxcommon.tlog\rc.command.1.tlog
c:\dev\jaiscape\workbench\external\physx\physx-sys\physx\physx\compiler\vc22win64\sdk_source_bin\physxcommon.dir\release\physxcommon.tlog\rc.read.1.tlog
c:\dev\jaiscape\workbench\external\physx\physx-sys\physx\physx\compiler\vc22win64\sdk_source_bin\physxcommon.dir\release\physxcommon.tlog\rc.write.1.tlog
