c:\dev\jaiscape\workbench\external\physx\physx-sys\physx\physx\compiler\vc22win64\sdk_snippets_bin\snippetvehiclenodrive.dir\release\classicmain.obj
c:\dev\jaiscape\workbench\external\physx\physx-sys\physx\physx\compiler\vc22win64\sdk_snippets_bin\snippetvehiclenodrive.dir\release\snippetvehicletirefriction.obj
c:\dev\jaiscape\workbench\external\physx\physx-sys\physx\physx\compiler\vc22win64\sdk_snippets_bin\snippetvehiclenodrive.dir\release\snippetvehiclecreate.obj
c:\dev\jaiscape\workbench\external\physx\physx-sys\physx\physx\compiler\vc22win64\sdk_snippets_bin\snippetvehiclenodrive.dir\release\snippetvehiclescenequery.obj
c:\dev\jaiscape\workbench\external\physx\physx-sys\physx\physx\compiler\vc22win64\sdk_snippets_bin\snippetvehiclenodrive.dir\release\snippetvehiclenodriverender.obj
c:\dev\jaiscape\workbench\external\physx\physx-sys\physx\physx\compiler\vc22win64\sdk_snippets_bin\snippetvehiclenodrive.dir\release\snippetvehicletankcreate.obj
c:\dev\jaiscape\workbench\external\physx\physx-sys\physx\physx\compiler\vc22win64\sdk_snippets_bin\snippetvehiclenodrive.dir\release\snippetvehiclenodrivecreate.obj
c:\dev\jaiscape\workbench\external\physx\physx-sys\physx\physx\compiler\vc22win64\sdk_snippets_bin\snippetvehiclenodrive.dir\release\snippetvehicle4wcreate.obj
c:\dev\jaiscape\workbench\external\physx\physx-sys\physx\physx\compiler\vc22win64\sdk_snippets_bin\snippetvehiclenodrive.dir\release\snippetvehiclenodrive.obj
c:\dev\jaiscape\workbench\external\physx\physx-sys\physx\physx\compiler\vc22win64\sdk_snippets_bin\snippetvehiclenodrive.dir\release\snippetvehiclefiltershader.obj
c:\dev\jaiscape\workbench\external\physx\physx-sys\physx\physx\compiler\vc22win64\sdk_snippets_bin\snippetvehiclenodrive.dir\release\vc143.pdb
c:\dev\jaiscape\workbench\external\physx\physx-sys\physx\physx\compiler\vc22win64\sdk_snippets_bin\cmakefiles\generate.stamp
c:\dev\jaiscape\workbench\external\physx\physx-sys\physx\physx\bin\win.x86_64.vc142.mt\release\snippetvehiclenodrive_64.exe
c:\dev\jaiscape\workbench\external\physx\physx-sys\physx\physx\compiler\vc22win64\sdk_snippets_bin\snippetvehiclenodrive.dir\release\snippetv.737d8f93.tlog\cl.11564.write.1.tlog
c:\dev\jaiscape\workbench\external\physx\physx-sys\physx\physx\compiler\vc22win64\sdk_snippets_bin\snippetvehiclenodrive.dir\release\snippetv.737d8f93.tlog\cl.command.1.tlog
c:\dev\jaiscape\workbench\external\physx\physx-sys\physx\physx\compiler\vc22win64\sdk_snippets_bin\snippetvehiclenodrive.dir\release\snippetv.737d8f93.tlog\cl.read.1.tlog
c:\dev\jaiscape\workbench\external\physx\physx-sys\physx\physx\compiler\vc22win64\sdk_snippets_bin\snippetvehiclenodrive.dir\release\snippetv.737d8f93.tlog\custombuild.command.1.tlog
c:\dev\jaiscape\workbench\external\physx\physx-sys\physx\physx\compiler\vc22win64\sdk_snippets_bin\snippetvehiclenodrive.dir\release\snippetv.737d8f93.tlog\custombuild.read.1.tlog
c:\dev\jaiscape\workbench\external\physx\physx-sys\physx\physx\compiler\vc22win64\sdk_snippets_bin\snippetvehiclenodrive.dir\release\snippetv.737d8f93.tlog\custombuild.write.1.tlog
c:\dev\jaiscape\workbench\external\physx\physx-sys\physx\physx\compiler\vc22win64\sdk_snippets_bin\snippetvehiclenodrive.dir\release\snippetv.737d8f93.tlog\link.command.1.tlog
c:\dev\jaiscape\workbench\external\physx\physx-sys\physx\physx\compiler\vc22win64\sdk_snippets_bin\snippetvehiclenodrive.dir\release\snippetv.737d8f93.tlog\link.read.1.tlog
c:\dev\jaiscape\workbench\external\physx\physx-sys\physx\physx\compiler\vc22win64\sdk_snippets_bin\snippetvehiclenodrive.dir\release\snippetv.737d8f93.tlog\link.write.1.tlog
