  Building Custom Rule C:/Dev/jaiscape/workbench/external/physx/physx-rs/physx-sys/PhysX/physx/samples/compiler/cmake/CMakeLists.txt
  AcclaimLoader.cpp
  Dummy.cpp
  InputEventBuffer.cpp
  PhysXSample.cpp
  PhysXSampleApplication.cpp
  Picking.cpp
  RawLoader.cpp
  RaycastCCD.cpp
  RenderBaseActor.cpp
  RenderBaseObject.cpp
  RenderBoxActor.cpp
  RenderCapsuleActor.cpp
  RenderGridActor.cpp
  RenderMaterial.cpp
  RenderMeshActor.cpp
  RenderPhysX3Debug.cpp
  RenderSphereActor.cpp
  RenderTexture.cpp
  SampleAllocator.cpp
  SampleCamera.cpp
  SampleCameraController.cpp
  SampleCharacterHelpers.cpp
  SampleConsole.cpp
  SampleInputMappingAsset.cpp
  SampleMain.cpp
  SampleMouseFilter.cpp
  SampleRandomPrecomputed.cpp
  SampleStepper.cpp
  TestGeometryHelpers.cpp
  TestGroup.cpp
  TestMotionGenerator.cpp
  wavefront.cpp
  SampleBase.vcxproj -> C:\Dev\jaiscape\workbench\external\physx\physx-rs\physx-sys\PhysX\physx\bin\win.x86_64.vc142.mt\release\SampleBase_static_64.lib
