c:\dev\jaiscape\workbench\external\physx\physx-sys\physx\physx\compiler\vc22win64\sdk_samples_bin\samplebase.dir\release\physxsample.obj
c:\dev\jaiscape\workbench\external\physx\physx-sys\physx\physx\compiler\vc22win64\sdk_samples_bin\samplebase.dir\release\testgroup.obj
c:\dev\jaiscape\workbench\external\physx\physx-sys\physx\physx\compiler\vc22win64\sdk_samples_bin\samplebase.dir\release\rendergridactor.obj
c:\dev\jaiscape\workbench\external\physx\physx-sys\physx\physx\compiler\vc22win64\sdk_samples_bin\samplebase.dir\release\samplecameracontroller.obj
c:\dev\jaiscape\workbench\external\physx\physx-sys\physx\physx\compiler\vc22win64\sdk_samples_bin\samplebase.dir\release\renderbaseactor.obj
c:\dev\jaiscape\workbench\external\physx\physx-sys\physx\physx\compiler\vc22win64\sdk_samples_bin\samplebase.dir\release\samplerandomprecomputed.obj
c:\dev\jaiscape\workbench\external\physx\physx-sys\physx\physx\compiler\vc22win64\sdk_samples_bin\samplebase.dir\release\renderboxactor.obj
c:\dev\jaiscape\workbench\external\physx\physx-sys\physx\physx\compiler\vc22win64\sdk_samples_bin\samplebase.dir\release\sampleinputmappingasset.obj
c:\dev\jaiscape\workbench\external\physx\physx-sys\physx\physx\compiler\vc22win64\sdk_samples_bin\samplebase.dir\release\physxsampleapplication.obj
c:\dev\jaiscape\workbench\external\physx\physx-sys\physx\physx\compiler\vc22win64\sdk_samples_bin\samplebase.dir\release\raycastccd.obj
c:\dev\jaiscape\workbench\external\physx\physx-sys\physx\physx\compiler\vc22win64\sdk_samples_bin\samplebase.dir\release\rendertexture.obj
c:\dev\jaiscape\workbench\external\physx\physx-sys\physx\physx\compiler\vc22win64\sdk_samples_bin\samplebase.dir\release\dummy.obj
c:\dev\jaiscape\workbench\external\physx\physx-sys\physx\physx\compiler\vc22win64\sdk_samples_bin\samplebase.dir\release\sampleallocator.obj
c:\dev\jaiscape\workbench\external\physx\physx-sys\physx\physx\compiler\vc22win64\sdk_samples_bin\samplebase.dir\release\sampleconsole.obj
c:\dev\jaiscape\workbench\external\physx\physx-sys\physx\physx\compiler\vc22win64\sdk_samples_bin\samplebase.dir\release\picking.obj
c:\dev\jaiscape\workbench\external\physx\physx-sys\physx\physx\compiler\vc22win64\sdk_samples_bin\samplebase.dir\release\wavefront.obj
c:\dev\jaiscape\workbench\external\physx\physx-sys\physx\physx\compiler\vc22win64\sdk_samples_bin\samplebase.dir\release\renderbaseobject.obj
c:\dev\jaiscape\workbench\external\physx\physx-sys\physx\physx\compiler\vc22win64\sdk_samples_bin\samplebase.dir\release\samplecharacterhelpers.obj
c:\dev\jaiscape\workbench\external\physx\physx-sys\physx\physx\compiler\vc22win64\sdk_samples_bin\samplebase.dir\release\rendermeshactor.obj
c:\dev\jaiscape\workbench\external\physx\physx-sys\physx\physx\compiler\vc22win64\sdk_samples_bin\samplebase.dir\release\rendermaterial.obj
c:\dev\jaiscape\workbench\external\physx\physx-sys\physx\physx\compiler\vc22win64\sdk_samples_bin\samplebase.dir\release\testgeometryhelpers.obj
c:\dev\jaiscape\workbench\external\physx\physx-sys\physx\physx\compiler\vc22win64\sdk_samples_bin\samplebase.dir\release\inputeventbuffer.obj
c:\dev\jaiscape\workbench\external\physx\physx-sys\physx\physx\compiler\vc22win64\sdk_samples_bin\samplebase.dir\release\samplemain.obj
c:\dev\jaiscape\workbench\external\physx\physx-sys\physx\physx\compiler\vc22win64\sdk_samples_bin\samplebase.dir\release\rendercapsuleactor.obj
c:\dev\jaiscape\workbench\external\physx\physx-sys\physx\physx\compiler\vc22win64\sdk_samples_bin\samplebase.dir\release\samplestepper.obj
c:\dev\jaiscape\workbench\external\physx\physx-sys\physx\physx\compiler\vc22win64\sdk_samples_bin\samplebase.dir\release\renderphysx3debug.obj
c:\dev\jaiscape\workbench\external\physx\physx-sys\physx\physx\compiler\vc22win64\sdk_samples_bin\samplebase.dir\release\acclaimloader.obj
c:\dev\jaiscape\workbench\external\physx\physx-sys\physx\physx\compiler\vc22win64\sdk_samples_bin\samplebase.dir\release\rendersphereactor.obj
c:\dev\jaiscape\workbench\external\physx\physx-sys\physx\physx\compiler\vc22win64\sdk_samples_bin\samplebase.dir\release\samplemousefilter.obj
c:\dev\jaiscape\workbench\external\physx\physx-sys\physx\physx\compiler\vc22win64\sdk_samples_bin\samplebase.dir\release\rawloader.obj
c:\dev\jaiscape\workbench\external\physx\physx-sys\physx\physx\compiler\vc22win64\sdk_samples_bin\samplebase.dir\release\samplecamera.obj
c:\dev\jaiscape\workbench\external\physx\physx-sys\physx\physx\compiler\vc22win64\sdk_samples_bin\samplebase.dir\release\testmotiongenerator.obj
c:\dev\jaiscape\workbench\external\physx\physx-sys\physx\physx\bin\win.x86_64.vc142.mt\release\samplebase_static__64.pdb
c:\dev\jaiscape\workbench\external\physx\physx-sys\physx\physx\compiler\vc22win64\sdk_samples_bin\cmakefiles\generate.stamp
c:\dev\jaiscape\workbench\external\physx\physx-sys\physx\physx\bin\win.x86_64.vc142.mt\release\samplebase_static_64.lib
c:\dev\jaiscape\workbench\external\physx\physx-sys\physx\physx\bin\win.x86_64.vc142.mt\release\samplebase_static_64.pdb
c:\dev\jaiscape\workbench\external\physx\physx-sys\physx\physx\compiler\vc22win64\sdk_samples_bin\samplebase.dir\release\samplebase.tlog\cl.10220.write.1.tlog
c:\dev\jaiscape\workbench\external\physx\physx-sys\physx\physx\compiler\vc22win64\sdk_samples_bin\samplebase.dir\release\samplebase.tlog\cl.command.1.tlog
c:\dev\jaiscape\workbench\external\physx\physx-sys\physx\physx\compiler\vc22win64\sdk_samples_bin\samplebase.dir\release\samplebase.tlog\cl.read.1.tlog
c:\dev\jaiscape\workbench\external\physx\physx-sys\physx\physx\compiler\vc22win64\sdk_samples_bin\samplebase.dir\release\samplebase.tlog\custombuild.command.1.tlog
c:\dev\jaiscape\workbench\external\physx\physx-sys\physx\physx\compiler\vc22win64\sdk_samples_bin\samplebase.dir\release\samplebase.tlog\custombuild.read.1.tlog
c:\dev\jaiscape\workbench\external\physx\physx-sys\physx\physx\compiler\vc22win64\sdk_samples_bin\samplebase.dir\release\samplebase.tlog\custombuild.write.1.tlog
c:\dev\jaiscape\workbench\external\physx\physx-sys\physx\physx\compiler\vc22win64\sdk_samples_bin\samplebase.dir\release\samplebase.tlog\lib-link.read.1.tlog
c:\dev\jaiscape\workbench\external\physx\physx-sys\physx\physx\compiler\vc22win64\sdk_samples_bin\samplebase.dir\release\samplebase.tlog\lib-link.write.1.tlog
c:\dev\jaiscape\workbench\external\physx\physx-sys\physx\physx\compiler\vc22win64\sdk_samples_bin\samplebase.dir\release\samplebase.tlog\lib.command.1.tlog
