  Building Custom Rule C:/Dev/jaiscape/workbench/external/physx/physx-rs/physx-sys/PhysX/physx/source/compiler/cmake/CMakeLists.txt
  Adjacencies.cpp
  Cooking.cpp
  CookingUtils.cpp
  EdgeList.cpp
  MeshCleaner.cpp
  Quantizer.cpp
  BVHStructureBuilder.cpp
  HeightFieldCooking.cpp
  RTreeCooking.cpp
  MeshBuilder.cpp
  TriangleMeshBuilder.cpp
  GrbTriangleMeshCooking.cpp
  BigConvexDataBuilder.cpp
  ConvexHullBuilder.cpp
  ConvexHullLib.cpp
  ConvexHullUtils.cpp
  ConvexMeshBuilder.cpp
  ConvexPolygonsBuilder.cpp
  QuickHullConvexHullLib.cpp
  VolumeIntegration.cpp
  WindowsCookingDelayLoadHook.cpp
     Creating library C:/Dev/jaiscape/workbench/external/physx/physx-rs/physx-sys/PhysX/physx/bin/win.x86_64.vc142.mt/debug/PhysXCooking_64.lib and object C:/Dev/jaiscape/workbench/external/physx/physx-rs/physx-sys/PhysX/physx/bin/win.x86_64.vc142.mt/debug/PhysXCooking_64.exp
  PhysXCooking.vcxproj -> C:\Dev\jaiscape\workbench\external\physx\physx-rs\physx-sys\PhysX\physx\bin\win.x86_64.vc142.mt\debug\PhysXCooking_64.dll
