  Building Custom Rule C:/Dev/jaiscape/workbench/external/physx/physx-rs/physx-sys/PhysX/physx/source/compiler/cmake/CMakeLists.txt
  PsAllocator.cpp
  PsAssert.cpp
  PsFoundation.cpp
  PsMathUtils.cpp
  PsString.cpp
  PsTempAllocator.cpp
  PsUtilities.cpp
  PsWindowsAtomic.cpp
  PsWindowsCpu.cpp
  PsWindowsFPU.cpp
  PsWindowsMutex.cpp
  PsWindowsPrintString.cpp
  PsWindowsSList.cpp
  PsWindowsSocket.cpp
  PsWindowsSync.cpp
  PsWindowsThread.cpp
  PsWindowsTime.cpp
     Creating library C:/Dev/jaiscape/workbench/external/physx/physx-rs/physx-sys/PhysX/physx/bin/win.x86_64.vc142.mt/release/PhysXFoundation_64.lib and object C:/Dev/jaiscape/workbench/external/physx/physx-rs/physx-sys/PhysX/physx/bin/win.x86_64.vc142.mt/release/PhysXFoundation_64.exp
  PhysXFoundation.vcxproj -> C:\Dev\jaiscape\workbench\external\physx\physx-rs\physx-sys\PhysX\physx\bin\win.x86_64.vc142.mt\release\PhysXFoundation_64.dll
