c:\dev\jaiscape\workbench\external\physx\physx-sys\physx\physx\compiler\vc22win64\sdk_source_bin\lowlevelaabb.dir\release\bpsaptasks.obj
c:\dev\jaiscape\workbench\external\physx\physx-sys\physx\physx\compiler\vc22win64\sdk_source_bin\lowlevelaabb.dir\release\bpbroadphase.obj
c:\dev\jaiscape\workbench\external\physx\physx-sys\physx\physx\compiler\vc22win64\sdk_source_bin\lowlevelaabb.dir\release\bpbroadphaseshared.obj
c:\dev\jaiscape\workbench\external\physx\physx-sys\physx\physx\compiler\vc22win64\sdk_source_bin\lowlevelaabb.dir\release\bpmbptasks.obj
c:\dev\jaiscape\workbench\external\physx\physx-sys\physx\physx\compiler\vc22win64\sdk_source_bin\lowlevelaabb.dir\release\bpaabbmanager.obj
c:\dev\jaiscape\workbench\external\physx\physx-sys\physx\physx\compiler\vc22win64\sdk_source_bin\lowlevelaabb.dir\release\bpbroadphaseabp.obj
c:\dev\jaiscape\workbench\external\physx\physx-sys\physx\physx\compiler\vc22win64\sdk_source_bin\lowlevelaabb.dir\release\bpbroadphasembp.obj
c:\dev\jaiscape\workbench\external\physx\physx-sys\physx\physx\compiler\vc22win64\sdk_source_bin\lowlevelaabb.dir\release\bpbroadphasesap.obj
c:\dev\jaiscape\workbench\external\physx\physx-sys\physx\physx\compiler\vc22win64\sdk_source_bin\lowlevelaabb.dir\release\bpbroadphasesapaux.obj
c:\dev\jaiscape\workbench\external\physx\physx-sys\physx\physx\bin\win.x86_64.vc142.mt\release\lowlevelaabb_static_64.pdb
c:\dev\jaiscape\workbench\external\physx\physx-sys\physx\physx\compiler\vc22win64\sdk_source_bin\cmakefiles\generate.stamp
c:\dev\jaiscape\workbench\external\physx\physx-sys\physx\physx\bin\win.x86_64.vc142.mt\release\lowlevelaabb_static_64.lib
c:\dev\jaiscape\workbench\external\physx\physx-sys\physx\physx\compiler\vc22win64\sdk_source_bin\lowlevelaabb.dir\release\lowlevelaabb.tlog\cl.10140.write.1.tlog
c:\dev\jaiscape\workbench\external\physx\physx-sys\physx\physx\compiler\vc22win64\sdk_source_bin\lowlevelaabb.dir\release\lowlevelaabb.tlog\cl.command.1.tlog
c:\dev\jaiscape\workbench\external\physx\physx-sys\physx\physx\compiler\vc22win64\sdk_source_bin\lowlevelaabb.dir\release\lowlevelaabb.tlog\cl.read.1.tlog
c:\dev\jaiscape\workbench\external\physx\physx-sys\physx\physx\compiler\vc22win64\sdk_source_bin\lowlevelaabb.dir\release\lowlevelaabb.tlog\custombuild.command.1.tlog
c:\dev\jaiscape\workbench\external\physx\physx-sys\physx\physx\compiler\vc22win64\sdk_source_bin\lowlevelaabb.dir\release\lowlevelaabb.tlog\custombuild.read.1.tlog
c:\dev\jaiscape\workbench\external\physx\physx-sys\physx\physx\compiler\vc22win64\sdk_source_bin\lowlevelaabb.dir\release\lowlevelaabb.tlog\custombuild.write.1.tlog
c:\dev\jaiscape\workbench\external\physx\physx-sys\physx\physx\compiler\vc22win64\sdk_source_bin\lowlevelaabb.dir\release\lowlevelaabb.tlog\lib-link.read.1.tlog
c:\dev\jaiscape\workbench\external\physx\physx-sys\physx\physx\compiler\vc22win64\sdk_source_bin\lowlevelaabb.dir\release\lowlevelaabb.tlog\lib-link.write.1.tlog
c:\dev\jaiscape\workbench\external\physx\physx-sys\physx\physx\compiler\vc22win64\sdk_source_bin\lowlevelaabb.dir\release\lowlevelaabb.tlog\lib.command.1.tlog
