c:\dev\jaiscape\workbench\external\physx\physx-sys\physx\physx\compiler\vc22win64\sdk_source_bin\physxextensions.dir\release\extdistancejoint.obj
c:\dev\jaiscape\workbench\external\physx\physx-sys\physx\physx\compiler\vc22win64\sdk_source_bin\physxextensions.dir\release\snrepxcoreserializer.obj
c:\dev\jaiscape\workbench\external\physx\physx-sys\physx\physx\compiler\vc22win64\sdk_source_bin\physxextensions.dir\release\extextensions.obj
c:\dev\jaiscape\workbench\external\physx\physx-sys\physx\physx\compiler\vc22win64\sdk_source_bin\physxextensions.dir\release\extjoint.obj
c:\dev\jaiscape\workbench\external\physx\physx-sys\physx\physx\compiler\vc22win64\sdk_source_bin\physxextensions.dir\release\snxmlserialization.obj
c:\dev\jaiscape\workbench\external\physx\physx-sys\physx\physx\compiler\vc22win64\sdk_source_bin\physxextensions.dir\release\extd6joint.obj
c:\dev\jaiscape\workbench\external\physx\physx-sys\physx\physx\compiler\vc22win64\sdk_source_bin\physxextensions.dir\release\snbinaryserialization.obj
c:\dev\jaiscape\workbench\external\physx\physx-sys\physx\physx\compiler\vc22win64\sdk_source_bin\physxextensions.dir\release\extdefaultstreams.obj
c:\dev\jaiscape\workbench\external\physx\physx-sys\physx\physx\compiler\vc22win64\sdk_source_bin\physxextensions.dir\release\extsimplefactory.obj
c:\dev\jaiscape\workbench\external\physx\physx-sys\physx\physx\compiler\vc22win64\sdk_source_bin\physxextensions.dir\release\snserializationregistry.obj
c:\dev\jaiscape\workbench\external\physx\physx-sys\physx\physx\compiler\vc22win64\sdk_source_bin\physxextensions.dir\release\snconvx_error.obj
c:\dev\jaiscape\workbench\external\physx\physx-sys\physx\physx\compiler\vc22win64\sdk_source_bin\physxextensions.dir\release\extcontactjoint.obj
c:\dev\jaiscape\workbench\external\physx\physx-sys\physx\physx\compiler\vc22win64\sdk_source_bin\physxextensions.dir\release\snrepxupgrader.obj
c:\dev\jaiscape\workbench\external\physx\physx-sys\physx\physx\compiler\vc22win64\sdk_source_bin\physxextensions.dir\release\snconvx_union.obj
c:\dev\jaiscape\workbench\external\physx\physx-sys\physx\physx\compiler\vc22win64\sdk_source_bin\physxextensions.dir\release\extbroadphase.obj
c:\dev\jaiscape\workbench\external\physx\physx-sys\physx\physx\compiler\vc22win64\sdk_source_bin\physxextensions.dir\release\extrigidbodyext.obj
c:\dev\jaiscape\workbench\external\physx\physx-sys\physx\physx\compiler\vc22win64\sdk_source_bin\physxextensions.dir\release\snjointrepxserializer.obj
c:\dev\jaiscape\workbench\external\physx\physx-sys\physx\physx\compiler\vc22win64\sdk_source_bin\physxextensions.dir\release\extcpuworkerthread.obj
c:\dev\jaiscape\workbench\external\physx\physx-sys\physx\physx\compiler\vc22win64\sdk_source_bin\physxextensions.dir\release\extrevolutejoint.obj
c:\dev\jaiscape\workbench\external\physx\physx-sys\physx\physx\compiler\vc22win64\sdk_source_bin\physxextensions.dir\release\snconvx_metadata.obj
c:\dev\jaiscape\workbench\external\physx\physx-sys\physx\physx\compiler\vc22win64\sdk_source_bin\physxextensions.dir\release\extconvexmeshext.obj
c:\dev\jaiscape\workbench\external\physx\physx-sys\physx\physx\compiler\vc22win64\sdk_source_bin\physxextensions.dir\release\extprismaticjoint.obj
c:\dev\jaiscape\workbench\external\physx\physx-sys\physx\physx\compiler\vc22win64\sdk_source_bin\physxextensions.dir\release\snconvx_convert.obj
c:\dev\jaiscape\workbench\external\physx\physx-sys\physx\physx\compiler\vc22win64\sdk_source_bin\physxextensions.dir\release\extdefaultsimulationfiltershader.obj
c:\dev\jaiscape\workbench\external\physx\physx-sys\physx\physx\compiler\vc22win64\sdk_source_bin\physxextensions.dir\release\extscenequeryext.obj
c:\dev\jaiscape\workbench\external\physx\physx-sys\physx\physx\compiler\vc22win64\sdk_source_bin\physxextensions.dir\release\exttrianglemeshext.obj
c:\dev\jaiscape\workbench\external\physx\physx-sys\physx\physx\compiler\vc22win64\sdk_source_bin\physxextensions.dir\release\snserialutils.obj
c:\dev\jaiscape\workbench\external\physx\physx-sys\physx\physx\compiler\vc22win64\sdk_source_bin\physxextensions.dir\release\snbinarydeserialization.obj
c:\dev\jaiscape\workbench\external\physx\physx-sys\physx\physx\compiler\vc22win64\sdk_source_bin\physxextensions.dir\release\extdefaultcpudispatcher.obj
c:\dev\jaiscape\workbench\external\physx\physx-sys\physx\physx\compiler\vc22win64\sdk_source_bin\physxextensions.dir\release\extpvd.obj
c:\dev\jaiscape\workbench\external\physx\physx-sys\physx\physx\compiler\vc22win64\sdk_source_bin\physxextensions.dir\release\extd6jointcreate.obj
c:\dev\jaiscape\workbench\external\physx\physx-sys\physx\physx\compiler\vc22win64\sdk_source_bin\physxextensions.dir\release\extraycastccd.obj
c:\dev\jaiscape\workbench\external\physx\physx-sys\physx\physx\compiler\vc22win64\sdk_source_bin\physxextensions.dir\release\extsphericaljoint.obj
c:\dev\jaiscape\workbench\external\physx\physx-sys\physx\physx\compiler\vc22win64\sdk_source_bin\physxextensions.dir\release\extcollection.obj
c:\dev\jaiscape\workbench\external\physx\physx-sys\physx\physx\compiler\vc22win64\sdk_source_bin\physxextensions.dir\release\extrigidactorext.obj
c:\dev\jaiscape\workbench\external\physx\physx-sys\physx\physx\compiler\vc22win64\sdk_source_bin\physxextensions.dir\release\pxextensionautogeneratedmetadataobjects.obj
c:\dev\jaiscape\workbench\external\physx\physx-sys\physx\physx\compiler\vc22win64\sdk_source_bin\physxextensions.dir\release\extmetadata.obj
c:\dev\jaiscape\workbench\external\physx\physx-sys\physx\physx\compiler\vc22win64\sdk_source_bin\physxextensions.dir\release\snconvx_align.obj
c:\dev\jaiscape\workbench\external\physx\physx-sys\physx\physx\compiler\vc22win64\sdk_source_bin\physxextensions.dir\release\snconvx_output.obj
c:\dev\jaiscape\workbench\external\physx\physx-sys\physx\physx\compiler\vc22win64\sdk_source_bin\physxextensions.dir\release\extdefaulterrorcallback.obj
c:\dev\jaiscape\workbench\external\physx\physx-sys\physx\physx\compiler\vc22win64\sdk_source_bin\physxextensions.dir\release\extpxstringtable.obj
c:\dev\jaiscape\workbench\external\physx\physx-sys\physx\physx\compiler\vc22win64\sdk_source_bin\physxextensions.dir\release\extsmoothnormals.obj
c:\dev\jaiscape\workbench\external\physx\physx-sys\physx\physx\compiler\vc22win64\sdk_source_bin\physxextensions.dir\release\snserialization.obj
c:\dev\jaiscape\workbench\external\physx\physx-sys\physx\physx\compiler\vc22win64\sdk_source_bin\physxextensions.dir\release\snserializationcontext.obj
c:\dev\jaiscape\workbench\external\physx\physx-sys\physx\physx\compiler\vc22win64\sdk_source_bin\physxextensions.dir\release\extfixedjoint.obj
c:\dev\jaiscape\workbench\external\physx\physx-sys\physx\physx\compiler\vc22win64\sdk_source_bin\physxextensions.dir\release\snconvx.obj
c:\dev\jaiscape\workbench\external\physx\physx-sys\physx\physx\bin\win.x86_64.vc142.mt\release\physxextensions_static_64.pdb
c:\dev\jaiscape\workbench\external\physx\physx-sys\physx\physx\compiler\vc22win64\sdk_source_bin\cmakefiles\generate.stamp
c:\dev\jaiscape\workbench\external\physx\physx-sys\physx\physx\bin\win.x86_64.vc142.mt\release\physxextensions_static_64.lib
c:\dev\jaiscape\workbench\external\physx\physx-sys\physx\physx\compiler\vc22win64\sdk_source_bin\physxextensions.dir\release\physxextensions.tlog\cl.10576.write.1.tlog
c:\dev\jaiscape\workbench\external\physx\physx-sys\physx\physx\compiler\vc22win64\sdk_source_bin\physxextensions.dir\release\physxextensions.tlog\cl.command.1.tlog
c:\dev\jaiscape\workbench\external\physx\physx-sys\physx\physx\compiler\vc22win64\sdk_source_bin\physxextensions.dir\release\physxextensions.tlog\cl.read.1.tlog
c:\dev\jaiscape\workbench\external\physx\physx-sys\physx\physx\compiler\vc22win64\sdk_source_bin\physxextensions.dir\release\physxextensions.tlog\custombuild.command.1.tlog
c:\dev\jaiscape\workbench\external\physx\physx-sys\physx\physx\compiler\vc22win64\sdk_source_bin\physxextensions.dir\release\physxextensions.tlog\custombuild.read.1.tlog
c:\dev\jaiscape\workbench\external\physx\physx-sys\physx\physx\compiler\vc22win64\sdk_source_bin\physxextensions.dir\release\physxextensions.tlog\custombuild.write.1.tlog
c:\dev\jaiscape\workbench\external\physx\physx-sys\physx\physx\compiler\vc22win64\sdk_source_bin\physxextensions.dir\release\physxextensions.tlog\lib-link.read.1.tlog
c:\dev\jaiscape\workbench\external\physx\physx-sys\physx\physx\compiler\vc22win64\sdk_source_bin\physxextensions.dir\release\physxextensions.tlog\lib-link.write.1.tlog
c:\dev\jaiscape\workbench\external\physx\physx-sys\physx\physx\compiler\vc22win64\sdk_source_bin\physxextensions.dir\release\physxextensions.tlog\lib.command.1.tlog
